[2022/09/28 15:36:46.413] - Starting server with initial configuration: {"gasLimit":6721975,"gasPrice":20000000000,"hardfork":"muirGlacier","hostname":"127.0.0.1","port":7545,"network_id":5777,"default_balance_ether":500,"total_accounts":5,"unlocked_accounts":[],"locked":false,"vmErrorsOnRPCResponse":true,"verbose":false,"db_path":"C:\\Users\\alejo\\AppData\\Roaming\\Ganache\\workspaces\\blockchain\\chaindata","logDirectory":"C:\\Programacion\\solidity\\ganacheLogs"}
[2022/09/28 15:36:46.544] - eth_subscribe
[2022/09/28 15:36:46.547] - eth_getLogs
[2022/09/28 15:36:46.549] - eth_subscribe
[2022/09/28 15:36:46.642] - eth_subscribe
[2022/09/28 15:36:46.646] - eth_getLogs
[2022/09/28 15:36:46.649] - eth_subscribe
[2022/09/28 15:36:46.741] - eth_blockNumber
[2022/09/28 15:36:46.744] - eth_blockNumber
[2022/09/28 15:36:46.770] - eth_getBalance
[2022/09/28 15:36:46.780] - eth_getTransactionCount
[2022/09/28 15:36:46.785] - eth_getBalance
[2022/09/28 15:36:46.792] - eth_getTransactionCount
[2022/09/28 15:36:46.796] - eth_getBalance
[2022/09/28 15:36:46.805] - eth_getTransactionCount
[2022/09/28 15:36:46.807] - eth_getBalance
[2022/09/28 15:36:46.813] - eth_getTransactionCount
[2022/09/28 15:36:46.821] - eth_getBalance
[2022/09/28 15:36:46.824] - eth_getTransactionCount
[2022/09/28 15:36:46.850] - eth_getBalance
[2022/09/28 15:36:46.854] - eth_getTransactionCount
[2022/09/28 15:36:46.862] - eth_getBalance
[2022/09/28 15:36:46.867] - eth_getTransactionCount
[2022/09/28 15:36:46.877] - eth_getBalance
[2022/09/28 15:36:46.879] - eth_getTransactionCount
[2022/09/28 15:36:46.883] - eth_getBalance
[2022/09/28 15:36:46.894] - eth_getTransactionCount
[2022/09/28 15:36:46.897] - eth_getBalance
[2022/09/28 15:36:46.905] - eth_getTransactionCount
[2022/09/28 15:36:48.539] - eth_unsubscribe
[2022/09/28 15:36:48.541] - eth_unsubscribe
