[2022/09/28 15:36:42.421] - Starting server with initial configuration: {"gasLimit":6721975,"gasPrice":20000000000,"hardfork":"muirGlacier","hostname":"127.0.0.1","port":7545,"network_id":5777,"default_balance_ether":500,"total_accounts":5,"unlocked_accounts":[],"locked":false,"vmErrorsOnRPCResponse":true,"verbose":false,"db_path":"C:\\Users\\alejo\\AppData\\Roaming\\Ganache\\workspaces\\blockchain\\chaindata","logDirectory":"C:\\Programacion\\solidity\\ganacheLogs"}
[2022/09/28 15:36:42.586] - eth_subscribe
[2022/09/28 15:36:42.588] - eth_getLogs
[2022/09/28 15:36:42.590] - eth_subscribe
[2022/09/28 15:36:42.681] - eth_subscribe
[2022/09/28 15:36:42.684] - eth_getLogs
[2022/09/28 15:36:42.685] - eth_subscribe
[2022/09/28 15:36:42.806] - eth_blockNumber
[2022/09/28 15:36:42.809] - eth_accounts
[2022/09/28 15:36:42.810] - eth_gasPrice
[2022/09/28 15:36:42.812] - eth_getBlockByNumber
[2022/09/28 15:36:42.814] - eth_blockNumber
[2022/09/28 15:36:42.816] - eth_subscribe
[2022/09/28 15:36:42.818] - eth_accounts
[2022/09/28 15:36:42.820] - eth_gasPrice
[2022/09/28 15:36:42.822] - eth_getBlockByNumber
[2022/09/28 15:36:42.826] - eth_subscribe
[2022/09/28 15:36:42.832] - eth_accounts
[2022/09/28 15:36:42.862] - eth_getBalance
[2022/09/28 15:36:42.868] - eth_getTransactionCount
[2022/09/28 15:36:42.871] - eth_getBalance
[2022/09/28 15:36:42.875] - eth_getTransactionCount
[2022/09/28 15:36:42.883] - eth_getBalance
[2022/09/28 15:36:42.885] - eth_getTransactionCount
[2022/09/28 15:36:42.892] - eth_getBalance
[2022/09/28 15:36:42.894] - eth_getTransactionCount
[2022/09/28 15:36:42.900] - eth_getBalance
[2022/09/28 15:36:42.905] - eth_getTransactionCount
[2022/09/28 15:36:42.960] - eth_getBalance
[2022/09/28 15:36:42.963] - eth_getTransactionCount
[2022/09/28 15:36:42.968] - eth_getBalance
[2022/09/28 15:36:42.972] - eth_getTransactionCount
[2022/09/28 15:36:42.983] - eth_getBalance
[2022/09/28 15:36:42.986] - eth_getTransactionCount
[2022/09/28 15:36:42.990] - eth_getBalance
[2022/09/28 15:36:43.007] - eth_getTransactionCount
[2022/09/28 15:36:43.010] - eth_getBalance
[2022/09/28 15:36:43.015] - eth_getTransactionCount
[2022/09/28 15:36:43.021] - eth_getBalance
[2022/09/28 15:36:43.026] - eth_getTransactionCount
[2022/09/28 15:36:43.031] - eth_getBalance
[2022/09/28 15:36:43.036] - eth_getTransactionCount
[2022/09/28 15:36:43.040] - eth_getBalance
[2022/09/28 15:36:43.046] - eth_getTransactionCount
[2022/09/28 15:36:43.053] - eth_getBalance
[2022/09/28 15:36:43.060] - eth_getTransactionCount
[2022/09/28 15:36:43.061] - eth_getBalance
[2022/09/28 15:36:43.075] - eth_getTransactionCount
[2022/09/28 15:36:43.117] - eth_getBalance
[2022/09/28 15:36:43.123] - eth_getTransactionCount
[2022/09/28 15:36:43.125] - eth_getBalance
[2022/09/28 15:36:43.130] - eth_getTransactionCount
[2022/09/28 15:36:43.139] - eth_getBalance
[2022/09/28 15:36:43.143] - eth_getTransactionCount
[2022/09/28 15:36:43.150] - eth_getBalance
[2022/09/28 15:36:43.152] - eth_getTransactionCount
[2022/09/28 15:36:43.156] - eth_getBalance
[2022/09/28 15:36:43.158] - eth_getTransactionCount
[2022/09/28 15:36:46.375] - eth_unsubscribe
[2022/09/28 15:36:46.378] - eth_unsubscribe
