[2022/09/29 14:36:27.333] - Starting server with initial configuration: {"gasLimit":6721975,"gasPrice":20000000000,"hardfork":"muirGlacier","hostname":"127.0.0.1","port":7545,"network_id":5777,"default_balance_ether":500,"total_accounts":5,"unlocked_accounts":[],"locked":false,"vmErrorsOnRPCResponse":true,"verbose":false,"db_path":"C:\\Users\\alejo\\AppData\\Roaming\\Ganache\\workspaces\\blockchain\\chaindata","logDirectory":"C:\\Programacion\\solidity\\ganacheLogs"}
[2022/09/29 14:36:27.451] - eth_subscribe
[2022/09/29 14:36:27.453] - eth_getLogs
[2022/09/29 14:36:27.454] - eth_subscribe
[2022/09/29 14:36:27.499] - eth_subscribe
[2022/09/29 14:36:27.500] - eth_getLogs
[2022/09/29 14:36:27.501] - eth_subscribe
[2022/09/29 14:36:27.569] - eth_blockNumber
[2022/09/29 14:36:27.569] - eth_accounts
[2022/09/29 14:36:27.570] - eth_blockNumber
[2022/09/29 14:36:27.570] - eth_gasPrice
[2022/09/29 14:36:27.570] - eth_accounts
[2022/09/29 14:36:27.571] - eth_getBlockByNumber
[2022/09/29 14:36:27.571] - eth_gasPrice
[2022/09/29 14:36:27.572] - eth_subscribe
[2022/09/29 14:36:27.572] - eth_getBlockByNumber
[2022/09/29 14:36:27.578] - eth_subscribe
[2022/09/29 14:36:27.587] - eth_accounts
[2022/09/29 14:36:27.637] - eth_getBalance
[2022/09/29 14:36:27.640] - eth_getTransactionCount
[2022/09/29 14:36:27.643] - eth_getBalance
[2022/09/29 14:36:27.646] - eth_getTransactionCount
[2022/09/29 14:36:27.649] - eth_getBalance
[2022/09/29 14:36:27.651] - eth_getTransactionCount
[2022/09/29 14:36:27.653] - eth_getBalance
[2022/09/29 14:36:27.656] - eth_getTransactionCount
[2022/09/29 14:36:27.659] - eth_getBalance
[2022/09/29 14:36:27.664] - eth_getTransactionCount
[2022/09/29 14:36:27.672] - eth_getBalance
[2022/09/29 14:36:27.677] - eth_getTransactionCount
[2022/09/29 14:36:27.683] - eth_getBalance
[2022/09/29 14:36:27.687] - eth_getTransactionCount
[2022/09/29 14:36:27.687] - eth_getBalance
[2022/09/29 14:36:27.692] - eth_getTransactionCount
[2022/09/29 14:36:27.694] - eth_getBalance
[2022/09/29 14:36:27.697] - eth_getTransactionCount
[2022/09/29 14:36:27.698] - eth_getBalance
[2022/09/29 14:36:27.700] - eth_getTransactionCount
[2022/09/29 14:36:27.700] - eth_getBalance
[2022/09/29 14:36:27.702] - eth_getTransactionCount
[2022/09/29 14:36:27.703] - eth_getBalance
[2022/09/29 14:36:27.706] - eth_getTransactionCount
[2022/09/29 14:36:27.708] - eth_getBalance
[2022/09/29 14:36:27.709] - eth_getTransactionCount
[2022/09/29 14:36:27.712] - eth_getBalance
[2022/09/29 14:36:27.715] - eth_getTransactionCount
[2022/09/29 14:36:27.717] - eth_getBalance
[2022/09/29 14:36:27.718] - eth_getTransactionCount
[2022/09/29 14:36:27.746] - eth_getBalance
[2022/09/29 14:36:27.749] - eth_getTransactionCount
[2022/09/29 14:36:27.752] - eth_getBalance
[2022/09/29 14:36:27.755] - eth_getTransactionCount
[2022/09/29 14:36:27.755] - eth_getBalance
[2022/09/29 14:36:27.758] - eth_getTransactionCount
[2022/09/29 14:36:27.758] - eth_getBalance
[2022/09/29 14:36:27.762] - eth_getTransactionCount
[2022/09/29 14:36:27.763] - eth_getBalance
[2022/09/29 14:36:27.767] - eth_getTransactionCount
[2022/09/29 14:36:28.012] - eth_blockNumber
[2022/09/29 14:47:30.644] - eth_blockNumber
[2022/09/29 14:47:30.668] - net_version
[2022/09/29 14:47:30.677] - eth_accounts
[2022/09/29 14:47:30.719] - eth_getBlockByNumber
[2022/09/29 14:47:30.744] - eth_accounts
[2022/09/29 14:47:30.768] - net_version
[2022/09/29 14:47:30.785] - eth_getBlockByNumber
[2022/09/29 14:47:30.804] - eth_getBlockByNumber
[2022/09/29 14:47:30.820] - net_version
[2022/09/29 14:47:30.834] - eth_getBlockByNumber
[2022/09/29 14:47:30.857] - eth_estimateGas
[2022/09/29 14:47:31.192] - net_version
[2022/09/29 14:47:31.193] - eth_blockNumber
[2022/09/29 14:47:31.196] - eth_getBlockByNumber
[2022/09/29 14:47:31.212] - eth_estimateGas
[2022/09/29 14:47:31.314] - eth_getBlockByNumber
[2022/09/29 14:47:31.315] - eth_gasPrice
[2022/09/29 14:47:31.335] - eth_sendTransaction
[2022/09/29 14:47:31.460] - 
[2022/09/29 14:47:31.460] -   Transaction: 0xb30ef42e4ea91a2f37b26b1408453b8a4d215283fee498e745890acf145b7e8b
[2022/09/29 14:47:31.460] -   Contract created: 0x57d24d8c15163198a170d38254e60a03581d44b1
[2022/09/29 14:47:31.461] -   Gas usage: 246892
[2022/09/29 14:47:31.461] -   Block Number: 3
[2022/09/29 14:47:31.464] -   Block Time: Thu Sep 29 2022 14:47:31 GMT-0500 (Colombia Standard Time)
[2022/09/29 14:47:31.464] - 
[2022/09/29 14:47:31.466] - eth_getBlockByNumber
[2022/09/29 14:47:31.467] - eth_getTransactionReceipt
[2022/09/29 14:47:31.468] - eth_getBalance
[2022/09/29 14:47:31.472] - eth_getTransactionCount
[2022/09/29 14:47:31.477] - eth_getBalance
[2022/09/29 14:47:31.479] - eth_getTransactionCount
[2022/09/29 14:47:31.480] - eth_getBalance
[2022/09/29 14:47:31.483] - eth_getCode
[2022/09/29 14:47:31.484] - eth_getTransactionCount
[2022/09/29 14:47:31.487] - eth_getBalance
[2022/09/29 14:47:31.492] - eth_getTransactionCount
[2022/09/29 14:47:31.493] - eth_getBalance
[2022/09/29 14:47:31.500] - eth_getTransactionCount
[2022/09/29 14:47:31.504] - eth_getTransactionByHash
[2022/09/29 14:47:31.555] - eth_getBlockByNumber
[2022/09/29 14:47:31.566] - eth_getBalance
[2022/09/29 14:47:31.585] - eth_getBlockByNumber
[2022/09/29 14:47:31.599] - eth_getBlockByNumber
[2022/09/29 14:47:31.614] - eth_estimateGas
[2022/09/29 14:47:31.786] - eth_getBlockByNumber
[2022/09/29 14:47:31.787] - eth_gasPrice
[2022/09/29 14:47:31.797] - eth_sendTransaction
[2022/09/29 14:47:31.919] - 
[2022/09/29 14:47:31.919] -   Transaction: 0xbf17e83f6d3c6cc7aba85962202388b574b397d5afe2fddee9482b1036a1fefc
[2022/09/29 14:47:31.920] -   Gas usage: 42513
[2022/09/29 14:47:31.921] -   Block Number: 4
[2022/09/29 14:47:31.921] -   Block Time: Thu Sep 29 2022 14:47:31 GMT-0500 (Colombia Standard Time)
[2022/09/29 14:47:31.922] - 
[2022/09/29 14:47:31.927] - eth_getBalance
[2022/09/29 14:47:31.928] - eth_getTransactionCount
[2022/09/29 14:47:31.929] - eth_getTransactionReceipt
[2022/09/29 14:47:31.930] - eth_getBlockByNumber
[2022/09/29 14:47:31.932] - eth_getBalance
[2022/09/29 14:47:31.933] - eth_getTransactionCount
[2022/09/29 14:47:31.938] - eth_getBalance
[2022/09/29 14:47:31.944] - eth_getTransactionCount
[2022/09/29 14:47:31.945] - eth_getBalance
[2022/09/29 14:47:31.949] - eth_getTransactionCount
[2022/09/29 14:47:31.952] - eth_getBalance
[2022/09/29 14:47:31.956] - eth_getTransactionCount
[2022/09/29 14:47:31.959] - eth_getBlockByNumber
[2022/09/29 14:47:32.044] - eth_accounts
[2022/09/29 14:47:32.067] - net_version
[2022/09/29 14:47:32.072] - eth_getBlockByNumber
[2022/09/29 14:47:32.089] - eth_getBlockByNumber
[2022/09/29 14:47:32.105] - net_version
[2022/09/29 14:47:32.119] - eth_getBlockByNumber
[2022/09/29 14:47:32.143] - eth_estimateGas
[2022/09/29 14:47:32.414] - net_version
[2022/09/29 14:47:32.415] - eth_blockNumber
[2022/09/29 14:47:32.422] - eth_getBlockByNumber
[2022/09/29 14:47:32.436] - eth_estimateGas
[2022/09/29 14:47:32.504] - eth_getBlockByNumber
[2022/09/29 14:47:32.647] - eth_getBlockByNumber
[2022/09/29 14:47:32.648] - eth_gasPrice
[2022/09/29 14:47:32.651] - eth_getBlockByNumber
[2022/09/29 14:47:32.666] - eth_sendTransaction
[2022/09/29 14:47:32.822] - 
[2022/09/29 14:47:32.823] -   Transaction: 0x97a936e8af7eeccf136638b4b4da693892ddda3b62999be958d4b825ef05db45
[2022/09/29 14:47:32.823] -   Contract created: 0x110991d972a9bdcdee8c8d6868dd4ffdce7d0c48
[2022/09/29 14:47:32.823] -   Gas usage: 464204
[2022/09/29 14:47:32.824] -   Block Number: 5
[2022/09/29 14:47:32.824] -   Block Time: Thu Sep 29 2022 14:47:32 GMT-0500 (Colombia Standard Time)
[2022/09/29 14:47:32.824] - 
[2022/09/29 14:47:32.829] - eth_getBlockByNumber
[2022/09/29 14:47:32.830] - eth_getBalance
[2022/09/29 14:47:32.830] - eth_getTransactionCount
[2022/09/29 14:47:32.833] - eth_getTransactionReceipt
[2022/09/29 14:47:32.834] - eth_getBalance
[2022/09/29 14:47:32.834] - eth_getTransactionCount
[2022/09/29 14:47:32.835] - eth_getBalance
[2022/09/29 14:47:32.840] - eth_getTransactionCount
[2022/09/29 14:47:32.848] - eth_getBalance
[2022/09/29 14:47:32.848] - eth_getTransactionCount
[2022/09/29 14:47:32.854] - eth_getBalance
[2022/09/29 14:47:32.855] - eth_getTransactionCount
[2022/09/29 14:47:32.858] - eth_getCode
[2022/09/29 14:47:32.961] - eth_getBlockByNumber
[2022/09/29 14:47:32.973] - eth_getTransactionByHash
[2022/09/29 14:47:32.975] - eth_getBlockByNumber
[2022/09/29 14:47:32.984] - eth_getBlockByNumber
[2022/09/29 14:47:32.995] - eth_getBalance
[2022/09/29 14:47:33.051] - eth_getBlockByNumber
[2022/09/29 14:47:33.071] - eth_getBlockByNumber
[2022/09/29 14:47:33.087] - eth_estimateGas
[2022/09/29 14:47:33.264] - eth_getBlockByNumber
[2022/09/29 14:47:33.265] - eth_gasPrice
[2022/09/29 14:47:33.298] - eth_sendTransaction
[2022/09/29 14:47:33.436] - 
[2022/09/29 14:47:33.437] -   Transaction: 0x7188f968be0c7f4f22b4a5ad2a7042a0b011c4232c5ab3b51f1b6f4ec10dad64
[2022/09/29 14:47:33.437] -   Gas usage: 27513
[2022/09/29 14:47:33.438] -   Block Number: 6
[2022/09/29 14:47:33.438] -   Block Time: Thu Sep 29 2022 14:47:33 GMT-0500 (Colombia Standard Time)
[2022/09/29 14:47:33.439] - 
[2022/09/29 14:47:33.440] - eth_getBlockByNumber
[2022/09/29 14:47:33.445] - eth_getTransactionReceipt
[2022/09/29 14:47:33.445] - eth_getBalance
[2022/09/29 14:47:33.446] - eth_getTransactionCount
[2022/09/29 14:47:33.453] - eth_getBalance
[2022/09/29 14:47:33.454] - eth_getTransactionCount
[2022/09/29 14:47:33.455] - eth_getBalance
[2022/09/29 14:47:33.458] - eth_getTransactionCount
[2022/09/29 14:47:33.459] - eth_getBalance
[2022/09/29 14:47:33.460] - eth_getTransactionCount
[2022/09/29 14:47:33.463] - eth_getBalance
[2022/09/29 14:47:33.468] - eth_getTransactionCount
[2022/09/29 14:50:57.886] - eth_getBlockByNumber
[2022/09/29 14:50:57.900] - eth_getBlockTransactionCountByHash
[2022/09/29 14:50:57.916] - eth_getBlockByNumber
[2022/09/29 14:50:57.942] - eth_getBlockTransactionCountByHash
[2022/09/29 14:50:57.963] - eth_getBlockByNumber
[2022/09/29 14:50:57.977] - eth_getBlockTransactionCountByHash
[2022/09/29 14:50:57.992] - eth_getBlockByNumber
[2022/09/29 14:50:58.007] - eth_getBlockTransactionCountByHash
[2022/09/29 14:50:58.021] - eth_getBlockByNumber
[2022/09/29 14:50:58.037] - eth_getBlockTransactionCountByHash
[2022/09/29 14:50:58.054] - eth_getBlockByNumber
[2022/09/29 14:50:58.068] - eth_getBlockTransactionCountByHash
[2022/09/29 14:50:58.083] - eth_getBlockByNumber
[2022/09/29 14:50:58.101] - eth_getBlockTransactionCountByHash
[2022/09/29 14:51:00.575] - eth_getBlockByNumber
[2022/09/29 14:51:00.591] - eth_getTransactionReceipt
[2022/09/29 14:57:18.574] - eth_blockNumber
[2022/09/29 14:57:18.588] - net_version
[2022/09/29 14:57:18.600] - eth_accounts
[2022/09/29 14:57:18.626] - eth_getBlockByNumber
[2022/09/29 14:57:18.650] - eth_accounts
[2022/09/29 14:57:18.674] - eth_getBlockByNumber
[2022/09/29 14:57:18.692] - eth_getBlockByNumber
[2022/09/29 14:57:18.709] - eth_getBlockByNumber
[2022/09/29 14:57:18.729] - eth_estimateGas
[2022/09/29 14:57:18.996] - eth_getBlockByNumber
[2022/09/29 14:57:18.997] - eth_blockNumber
[2022/09/29 14:57:19.005] - eth_estimateGas
[2022/09/29 14:57:19.177] - eth_getBlockByNumber
[2022/09/29 14:57:19.178] - eth_gasPrice
[2022/09/29 14:57:19.186] - eth_sendTransaction
[2022/09/29 14:57:19.308] - 
[2022/09/29 14:57:19.309] -   Transaction: 0xbe3583c068f1f0fd99988d9c142ff07a96936fadb7f5be3a9582f90060954aa5
[2022/09/29 14:57:19.309] -   Contract created: 0x36ffa4b5f0ddf1a8437206ebc33fb301f3794df7
[2022/09/29 14:57:19.310] -   Gas usage: 246892
[2022/09/29 14:57:19.311] -   Block Number: 7
[2022/09/29 14:57:19.311] -   Block Time: Thu Sep 29 2022 14:57:19 GMT-0500 (Colombia Standard Time)
[2022/09/29 14:57:19.312] - 
[2022/09/29 14:57:19.314] - eth_getBlockByNumber
[2022/09/29 14:57:19.316] - eth_getTransactionReceipt
[2022/09/29 14:57:19.317] - eth_getBalance
[2022/09/29 14:57:19.321] - eth_getTransactionCount
[2022/09/29 14:57:19.322] - eth_getBalance
[2022/09/29 14:57:19.327] - eth_getTransactionCount
[2022/09/29 14:57:19.331] - eth_getBalance
[2022/09/29 14:57:19.336] - eth_getCode
[2022/09/29 14:57:19.336] - eth_getTransactionCount
[2022/09/29 14:57:19.339] - eth_getBalance
[2022/09/29 14:57:19.346] - eth_getTransactionCount
[2022/09/29 14:57:19.351] - eth_getBalance
[2022/09/29 14:57:19.352] - eth_getTransactionCount
[2022/09/29 14:57:19.358] - eth_getTransactionByHash
[2022/09/29 14:57:19.410] - eth_getBlockByNumber
[2022/09/29 14:57:19.425] - eth_getBalance
[2022/09/29 14:57:19.442] - eth_getBlockByNumber
[2022/09/29 14:57:19.465] - eth_getBlockByNumber
[2022/09/29 14:57:19.489] - eth_estimateGas
[2022/09/29 14:57:19.660] - eth_getBlockByNumber
[2022/09/29 14:57:19.661] - eth_gasPrice
[2022/09/29 14:57:19.687] - eth_sendTransaction
[2022/09/29 14:57:19.822] - 
[2022/09/29 14:57:19.823] -   Transaction: 0xac9839b23b7112b966ba6220ee0bbf7abd7e9d6794755d074a4330545d0cae22
[2022/09/29 14:57:19.823] -   Gas usage: 42513
[2022/09/29 14:57:19.824] -   Block Number: 8
[2022/09/29 14:57:19.824] -   Block Time: Thu Sep 29 2022 14:57:19 GMT-0500 (Colombia Standard Time)
[2022/09/29 14:57:19.825] - 
[2022/09/29 14:57:19.826] - eth_getBlockByNumber
[2022/09/29 14:57:19.828] - eth_getTransactionReceipt
[2022/09/29 14:57:19.833] - eth_getBalance
[2022/09/29 14:57:19.837] - eth_getTransactionCount
[2022/09/29 14:57:19.839] - eth_getBalance
[2022/09/29 14:57:19.842] - eth_getTransactionCount
[2022/09/29 14:57:19.845] - eth_getBalance
[2022/09/29 14:57:19.849] - eth_getTransactionCount
[2022/09/29 14:57:19.851] - eth_getBlockByNumber
[2022/09/29 14:57:19.854] - eth_getBalance
[2022/09/29 14:57:19.857] - eth_getTransactionCount
[2022/09/29 14:57:19.858] - eth_getBalance
[2022/09/29 14:57:19.861] - eth_accounts
[2022/09/29 14:57:19.862] - eth_getTransactionCount
[2022/09/29 14:57:19.905] - eth_getBlockByNumber
[2022/09/29 14:57:19.924] - eth_getBlockByNumber
[2022/09/29 14:57:19.940] - eth_getBlockByNumber
[2022/09/29 14:57:19.959] - eth_estimateGas
[2022/09/29 14:57:20.166] - eth_getBlockByNumber
[2022/09/29 14:57:20.166] - eth_blockNumber
[2022/09/29 14:57:20.174] - eth_estimateGas
[2022/09/29 14:57:20.309] - eth_getBlockByNumber
[2022/09/29 14:57:20.309] - eth_gasPrice
[2022/09/29 14:57:20.318] - eth_sendTransaction
[2022/09/29 14:57:20.340] - eth_getBlockByNumber
[2022/09/29 14:57:20.441] - 
[2022/09/29 14:57:20.442] -   Transaction: 0x75b4ca13a0ef0b16da15136f30651633b570d0c70f70c542d10d8e7498ae9042
[2022/09/29 14:57:20.442] -   Contract created: 0xbc3307e41ad4b4db84226eeb6372c614a1daab61
[2022/09/29 14:57:20.443] -   Gas usage: 464204
[2022/09/29 14:57:20.443] -   Block Number: 9
[2022/09/29 14:57:20.444] -   Block Time: Thu Sep 29 2022 14:57:20 GMT-0500 (Colombia Standard Time)
[2022/09/29 14:57:20.444] - 
[2022/09/29 14:57:20.450] - eth_getBlockByNumber
[2022/09/29 14:57:20.451] - eth_getBalance
[2022/09/29 14:57:20.452] - eth_getTransactionCount
[2022/09/29 14:57:20.455] - eth_getTransactionReceipt
[2022/09/29 14:57:20.456] - eth_getBalance
[2022/09/29 14:57:20.456] - eth_getTransactionCount
[2022/09/29 14:57:20.457] - eth_getBalance
[2022/09/29 14:57:20.459] - eth_getBlockByNumber
[2022/09/29 14:57:20.459] - eth_getTransactionCount
[2022/09/29 14:57:20.460] - eth_getBalance
[2022/09/29 14:57:20.464] - eth_getTransactionCount
[2022/09/29 14:57:20.468] - eth_getBalance
[2022/09/29 14:57:20.471] - eth_getTransactionCount
[2022/09/29 14:57:20.472] - eth_getCode
[2022/09/29 14:57:20.589] - eth_getTransactionByHash
[2022/09/29 14:57:20.603] - eth_getBlockByNumber
[2022/09/29 14:57:20.614] - eth_getBalance
[2022/09/29 14:57:20.638] - eth_getBlockByNumber
[2022/09/29 14:57:20.650] - eth_getBlockByNumber
[2022/09/29 14:57:20.661] - eth_estimateGas
[2022/09/29 14:57:20.844] - eth_getBlockByNumber
[2022/09/29 14:57:20.885] - eth_getBlockByNumber
[2022/09/29 14:57:20.886] - eth_gasPrice
[2022/09/29 14:57:20.887] - eth_getBlockByNumber
[2022/09/29 14:57:20.892] - eth_sendTransaction
[2022/09/29 14:57:21.014] - 
[2022/09/29 14:57:21.015] -   Transaction: 0xc86d09d8c5e4a0a74ee88e59762767dd1d20f5d5a78c1d1f2d484f595bd9ba80
[2022/09/29 14:57:21.015] -   Gas usage: 27513
[2022/09/29 14:57:21.016] -   Block Number: 10
[2022/09/29 14:57:21.017] -   Block Time: Thu Sep 29 2022 14:57:20 GMT-0500 (Colombia Standard Time)
[2022/09/29 14:57:21.017] - 
[2022/09/29 14:57:21.020] - eth_getBlockByNumber
[2022/09/29 14:57:21.021] - eth_getBalance
[2022/09/29 14:57:21.021] - eth_getTransactionCount
[2022/09/29 14:57:21.025] - eth_getTransactionReceipt
[2022/09/29 14:57:21.025] - eth_getBalance
[2022/09/29 14:57:21.026] - eth_getTransactionCount
[2022/09/29 14:57:21.027] - eth_getBalance
[2022/09/29 14:57:21.029] - eth_getTransactionCount
[2022/09/29 14:57:21.032] - eth_getBalance
[2022/09/29 14:57:21.035] - eth_getTransactionCount
[2022/09/29 14:57:21.036] - eth_getBalance
[2022/09/29 14:57:21.039] - eth_getTransactionCount
[2022/09/29 15:32:34.455] - eth_blockNumber
[2022/09/29 15:32:34.484] - net_version
[2022/09/29 15:32:34.502] - eth_accounts
[2022/09/29 15:32:34.550] - eth_accounts
[2022/09/29 15:35:07.339] - eth_blockNumber
[2022/09/29 15:35:07.364] - net_version
[2022/09/29 15:35:07.384] - eth_accounts
[2022/09/29 15:35:07.420] - eth_accounts
[2022/09/29 15:36:43.214] - eth_blockNumber
[2022/09/29 15:36:43.234] - net_version
[2022/09/29 15:36:43.254] - eth_accounts
[2022/09/29 15:36:43.289] - eth_accounts
[2022/09/29 15:37:21.103] - eth_blockNumber
[2022/09/29 15:37:21.118] - net_version
[2022/09/29 15:37:21.128] - eth_accounts
[2022/09/29 15:37:21.152] - eth_blockNumber
[2022/09/29 15:37:21.169] - net_version
[2022/09/29 15:37:23.048] - eth_accounts
[2022/09/29 15:37:24.352] - eth_getBlockByNumber
[2022/09/29 15:37:24.382] - eth_accounts
[2022/09/29 15:37:24.415] - eth_getBlockByNumber
[2022/09/29 15:37:24.422] - eth_getBlockByNumber
[2022/09/29 15:37:24.443] - eth_getBlockByNumber
[2022/09/29 15:37:24.460] - eth_estimateGas
[2022/09/29 15:37:24.800] - eth_getBlockByNumber
[2022/09/29 15:37:24.801] - eth_blockNumber
[2022/09/29 15:37:24.808] - eth_estimateGas
[2022/09/29 15:37:24.931] - eth_getBlockByNumber
[2022/09/29 15:37:24.932] - eth_gasPrice
[2022/09/29 15:37:24.938] - eth_sendTransaction
[2022/09/29 15:37:25.070] - 
[2022/09/29 15:37:25.070] -   Transaction: 0xd039406a0f417d95a1ebd6cd89c9aa9fc79dda75784b783d9c15122bd5c97604
[2022/09/29 15:37:25.071] -   Contract created: 0x7e7967f0b6fd0c69f9c13cc09ea9dce90bca5ff8
[2022/09/29 15:37:25.071] -   Gas usage: 246892
[2022/09/29 15:37:25.072] -   Block Number: 11
[2022/09/29 15:37:25.072] -   Block Time: Thu Sep 29 2022 15:37:24 GMT-0500 (Colombia Standard Time)
[2022/09/29 15:37:25.073] - 
[2022/09/29 15:37:25.076] - eth_getBlockByNumber
[2022/09/29 15:37:25.078] - eth_getBalance
[2022/09/29 15:37:25.080] - eth_getTransactionCount
[2022/09/29 15:37:25.085] - eth_getTransactionReceipt
[2022/09/29 15:37:25.086] - eth_getBalance
[2022/09/29 15:37:25.086] - eth_getTransactionCount
[2022/09/29 15:37:25.089] - eth_getBalance
[2022/09/29 15:37:25.091] - eth_getTransactionCount
[2022/09/29 15:37:25.099] - eth_getBalance
[2022/09/29 15:37:25.100] - eth_getTransactionCount
[2022/09/29 15:37:25.102] - eth_getBalance
[2022/09/29 15:37:25.104] - eth_getCode
[2022/09/29 15:37:25.105] - eth_getTransactionCount
[2022/09/29 15:37:25.200] - eth_getBlockByNumber
[2022/09/29 15:37:25.216] - eth_getBlockByNumber
[2022/09/29 15:37:25.234] - eth_estimateGas
[2022/09/29 15:37:25.396] - eth_getBlockByNumber
[2022/09/29 15:37:25.397] - eth_gasPrice
[2022/09/29 15:37:25.403] - eth_sendTransaction
[2022/09/29 15:37:25.515] - 
[2022/09/29 15:37:25.515] -   Transaction: 0x0ad91ea668bd12a426a50ccff831c3a6536f2add871e9c6dab9d4cb68a7dd9f4
[2022/09/29 15:37:25.516] -   Gas usage: 42513
[2022/09/29 15:37:25.516] -   Block Number: 12
[2022/09/29 15:37:25.516] -   Block Time: Thu Sep 29 2022 15:37:25 GMT-0500 (Colombia Standard Time)
[2022/09/29 15:37:25.517] - 
[2022/09/29 15:37:25.521] - eth_getBlockByNumber
[2022/09/29 15:37:25.523] - eth_getTransactionReceipt
[2022/09/29 15:37:25.523] - eth_getBalance
[2022/09/29 15:37:25.524] - eth_getTransactionCount
[2022/09/29 15:37:25.527] - eth_getBalance
[2022/09/29 15:37:25.530] - eth_getTransactionCount
[2022/09/29 15:37:25.532] - eth_getBalance
[2022/09/29 15:37:25.533] - eth_getTransactionCount
[2022/09/29 15:37:25.542] - eth_getBalance
[2022/09/29 15:37:25.543] - eth_getTransactionCount
[2022/09/29 15:37:25.545] - eth_getBalance
[2022/09/29 15:37:25.546] - eth_getBlockByNumber
[2022/09/29 15:37:25.547] - eth_getTransactionCount
[2022/09/29 15:37:25.625] - eth_accounts
[2022/09/29 15:37:25.647] - eth_getBlockByNumber
[2022/09/29 15:37:25.684] - eth_getBlockByNumber
[2022/09/29 15:37:25.698] - eth_getBlockByNumber
[2022/09/29 15:37:25.716] - eth_estimateGas
[2022/09/29 15:37:25.948] - eth_getBlockByNumber
[2022/09/29 15:37:25.949] - eth_blockNumber
[2022/09/29 15:37:25.957] - eth_estimateGas
[2022/09/29 15:37:26.101] - eth_getBlockByNumber
[2022/09/29 15:37:26.121] - eth_getBlockByNumber
[2022/09/29 15:37:26.122] - eth_gasPrice
[2022/09/29 15:37:26.125] - eth_getBlockByNumber
[2022/09/29 15:37:26.128] - eth_sendTransaction
[2022/09/29 15:37:26.260] - 
[2022/09/29 15:37:26.261] -   Transaction: 0xe89f2b1b3f821e493da1e6d9806233d4c4779800ba4dba03d9de2ff5824a652d
[2022/09/29 15:37:26.261] -   Contract created: 0x3e84bd6a8f15f5c6f8e1328fec15b1c427373d14
[2022/09/29 15:37:26.261] -   Gas usage: 464204
[2022/09/29 15:37:26.262] -   Block Number: 13
[2022/09/29 15:37:26.262] -   Block Time: Thu Sep 29 2022 15:37:26 GMT-0500 (Colombia Standard Time)
[2022/09/29 15:37:26.262] - 
[2022/09/29 15:37:26.266] - eth_getBlockByNumber
[2022/09/29 15:37:26.267] - eth_getBalance
[2022/09/29 15:37:26.268] - eth_getTransactionCount
[2022/09/29 15:37:26.273] - eth_getTransactionReceipt
[2022/09/29 15:37:26.273] - eth_getBalance
[2022/09/29 15:37:26.274] - eth_getTransactionCount
[2022/09/29 15:37:26.275] - eth_getBalance
[2022/09/29 15:37:26.275] - eth_getTransactionCount
[2022/09/29 15:37:26.278] - eth_getBalance
[2022/09/29 15:37:26.279] - eth_getTransactionCount
[2022/09/29 15:37:26.280] - eth_getBalance
[2022/09/29 15:37:26.284] - eth_getTransactionCount
[2022/09/29 15:37:26.301] - eth_getCode
[2022/09/29 15:37:26.414] - eth_getBlockByNumber
[2022/09/29 15:37:26.434] - eth_getBlockByNumber
[2022/09/29 15:37:26.450] - eth_estimateGas
[2022/09/29 15:37:26.541] - eth_getBlockByNumber
[2022/09/29 15:37:26.595] - eth_getBlockByNumber
[2022/09/29 15:37:26.598] - eth_gasPrice
[2022/09/29 15:37:26.599] - eth_getBlockByNumber
[2022/09/29 15:37:26.605] - eth_sendTransaction
[2022/09/29 15:37:26.758] - 
[2022/09/29 15:37:26.759] -   Transaction: 0x9d817ab8ae2f3ae51cb9555f698ffd8eb74ce6e26e8666c8ba253f0d75635fa6
[2022/09/29 15:37:26.759] -   Gas usage: 27513
[2022/09/29 15:37:26.760] -   Block Number: 14
[2022/09/29 15:37:26.761] -   Block Time: Thu Sep 29 2022 15:37:26 GMT-0500 (Colombia Standard Time)
[2022/09/29 15:37:26.761] - 
[2022/09/29 15:37:26.763] - eth_getBlockByNumber
[2022/09/29 15:37:26.764] - eth_getBalance
[2022/09/29 15:37:26.765] - eth_getTransactionCount
[2022/09/29 15:37:26.768] - eth_getTransactionReceipt
[2022/09/29 15:37:26.769] - eth_getBalance
[2022/09/29 15:37:26.770] - eth_getTransactionCount
[2022/09/29 15:37:26.773] - eth_getBalance
[2022/09/29 15:37:26.790] - eth_getTransactionCount
[2022/09/29 15:37:26.791] - eth_getBalance
[2022/09/29 15:37:26.795] - eth_getTransactionCount
[2022/09/29 15:37:26.796] - eth_getBalance
[2022/09/29 15:37:26.808] - eth_getTransactionCount
[2022/09/29 15:37:26.830] - evm_snapshot
[2022/09/29 15:37:26.914] - Saved snapshot #1
[2022/09/29 15:37:26.983] - eth_blockNumber
[2022/09/29 15:37:27.002] - eth_getBlockByNumber
[2022/09/29 15:37:27.012] - eth_call
[2022/09/29 15:37:27.078] - eth_blockNumber
[2022/09/29 15:37:27.093] - eth_getBlockByNumber
[2022/09/29 15:37:27.102] - eth_getBlockByNumber
[2022/09/29 15:37:27.107] - eth_call
[2022/09/29 15:37:27.108] - eth_getBlockByNumber
[2022/09/29 15:37:27.157] - eth_blockNumber
[2022/09/29 15:37:27.171] - eth_getBlockByNumber
[2022/09/29 15:37:27.182] - eth_getBlockByNumber
[2022/09/29 15:37:27.198] - eth_estimateGas
[2022/09/29 15:37:27.306] - eth_getBlockByNumber
[2022/09/29 15:37:27.435] - eth_getBlockByNumber
[2022/09/29 15:37:27.437] - eth_gasPrice
[2022/09/29 15:37:27.438] - eth_getBlockByNumber
[2022/09/29 15:37:27.447] - eth_sendTransaction
[2022/09/29 15:37:27.553] - eth_getBlockByNumber
[2022/09/29 15:37:27.610] - 
[2022/09/29 15:37:27.611] -   Transaction: 0xbd3a948e075f6735cbb1939a260ebdeb2de9bef42e68d660a58bdc4905850b83
[2022/09/29 15:37:27.611] -   Gas usage: 46725
[2022/09/29 15:37:27.612] -   Block Number: 15
[2022/09/29 15:37:27.612] -   Block Time: Thu Sep 29 2022 15:37:27 GMT-0500 (Colombia Standard Time)
[2022/09/29 15:37:27.613] - 
[2022/09/29 15:37:27.619] - eth_getBlockByNumber
[2022/09/29 15:37:27.620] - eth_getBalance
[2022/09/29 15:37:27.621] - eth_getTransactionCount
[2022/09/29 15:37:27.623] - eth_getTransactionReceipt
[2022/09/29 15:37:27.624] - eth_getBalance
[2022/09/29 15:37:27.625] - eth_getTransactionCount
[2022/09/29 15:37:27.625] - eth_getBalance
[2022/09/29 15:37:27.626] - eth_getBlockByNumber
[2022/09/29 15:37:27.627] - eth_getTransactionCount
[2022/09/29 15:37:27.629] - eth_getBalance
[2022/09/29 15:37:27.629] - eth_getTransactionCount
[2022/09/29 15:37:27.635] - eth_getBalance
[2022/09/29 15:37:27.635] - eth_getTransactionCount
[2022/09/29 15:37:27.642] - eth_call
[2022/09/29 15:37:27.799] - eth_getBlockByNumber
[2022/09/29 15:38:20.865] - eth_getBlockByNumber
[2022/09/29 15:44:40.307] - eth_blockNumber
[2022/09/29 15:44:40.335] - net_version
[2022/09/29 15:44:40.345] - eth_accounts
[2022/09/29 15:44:52.994] - eth_accounts
[2022/09/29 15:46:22.451] - eth_blockNumber
[2022/09/29 15:46:22.472] - net_version
[2022/09/29 15:46:22.480] - eth_accounts
[2022/09/29 15:46:22.513] - eth_accounts
[2022/09/29 15:46:41.431] - eth_blockNumber
[2022/09/29 15:46:41.462] - net_version
[2022/09/29 15:46:41.477] - eth_accounts
[2022/09/29 15:46:41.508] - eth_getBlockByNumber
[2022/09/29 15:46:41.531] - eth_getCode
[2022/09/29 15:46:41.711] - eth_call
[2022/09/29 15:47:03.418] - eth_blockNumber
[2022/09/29 15:47:03.440] - net_version
[2022/09/29 15:47:03.458] - eth_accounts
[2022/09/29 15:47:03.484] - eth_getBlockByNumber
[2022/09/29 15:47:03.506] - eth_accounts
[2022/09/29 15:47:03.538] - eth_getBlockByNumber
[2022/09/29 15:47:03.552] - eth_getBlockByNumber
[2022/09/29 15:47:03.567] - eth_getBlockByNumber
[2022/09/29 15:47:03.587] - eth_estimateGas
[2022/09/29 15:47:04.055] - eth_getBlockByNumber
[2022/09/29 15:47:04.056] - eth_blockNumber
[2022/09/29 15:47:04.067] - eth_estimateGas
[2022/09/29 15:47:04.208] - eth_getBlockByNumber
[2022/09/29 15:47:04.209] - eth_gasPrice
[2022/09/29 15:47:04.215] - eth_sendTransaction
[2022/09/29 15:47:04.403] - 
[2022/09/29 15:47:04.403] -   Transaction: 0x0c2c6ccf4f48d7f0863224c74e251338ea7fdc8f58e450be7643c9f3c571d577
[2022/09/29 15:47:04.404] -   Contract created: 0xa5fc540ea91ac9acbe3bfacb1322fd7809ac70d4
[2022/09/29 15:47:04.404] -   Gas usage: 246892
[2022/09/29 15:47:04.405] -   Block Number: 16
[2022/09/29 15:47:04.405] -   Block Time: Thu Sep 29 2022 15:47:04 GMT-0500 (Colombia Standard Time)
[2022/09/29 15:47:04.406] - 
[2022/09/29 15:47:04.407] - eth_getBlockByNumber
[2022/09/29 15:47:04.408] - eth_getBalance
[2022/09/29 15:47:04.408] - eth_getTransactionCount
[2022/09/29 15:47:04.411] - eth_getTransactionReceipt
[2022/09/29 15:47:04.412] - eth_getBalance
[2022/09/29 15:47:04.413] - eth_getTransactionCount
[2022/09/29 15:47:04.414] - eth_getBalance
[2022/09/29 15:47:04.416] - eth_getTransactionCount
[2022/09/29 15:47:04.421] - eth_getBalance
[2022/09/29 15:47:04.422] - eth_getTransactionCount
[2022/09/29 15:47:04.424] - eth_getBalance
[2022/09/29 15:47:04.426] - eth_getTransactionCount
[2022/09/29 15:47:04.427] - eth_getCode
[2022/09/29 15:47:04.517] - eth_getTransactionByHash
[2022/09/29 15:47:04.531] - eth_getBlockByNumber
[2022/09/29 15:47:04.546] - eth_getBalance
[2022/09/29 15:47:04.564] - eth_getBlockByNumber
[2022/09/29 15:47:04.583] - eth_getBlockByNumber
[2022/09/29 15:47:04.597] - eth_estimateGas
[2022/09/29 15:47:04.724] - eth_getBlockByNumber
[2022/09/29 15:47:04.725] - eth_gasPrice
[2022/09/29 15:47:04.734] - eth_sendTransaction
[2022/09/29 15:47:04.883] - 
[2022/09/29 15:47:04.883] -   Transaction: 0xd6b46e5541367364fee01e95de8c32b8cc31be23798896d9765e9734ce93b2ba
[2022/09/29 15:47:04.883] -   Gas usage: 42513
[2022/09/29 15:47:04.884] -   Block Number: 17
[2022/09/29 15:47:04.884] -   Block Time: Thu Sep 29 2022 15:47:04 GMT-0500 (Colombia Standard Time)
[2022/09/29 15:47:04.884] - 
[2022/09/29 15:47:04.886] - eth_getBlockByNumber
[2022/09/29 15:47:04.887] - eth_getTransactionReceipt
[2022/09/29 15:47:04.887] - eth_getBalance
[2022/09/29 15:47:04.891] - eth_getTransactionCount
[2022/09/29 15:47:04.893] - eth_getBalance
[2022/09/29 15:47:04.898] - eth_getTransactionCount
[2022/09/29 15:47:04.901] - eth_getBalance
[2022/09/29 15:47:04.902] - eth_getTransactionCount
[2022/09/29 15:47:04.905] - eth_getBlockByNumber
[2022/09/29 15:47:04.905] - eth_getBalance
[2022/09/29 15:47:04.907] - eth_getTransactionCount
[2022/09/29 15:47:04.911] - eth_getBalance
[2022/09/29 15:47:04.916] - eth_getTransactionCount
[2022/09/29 15:47:04.921] - eth_accounts
[2022/09/29 15:47:04.978] - eth_getBlockByNumber
[2022/09/29 15:47:04.994] - eth_getBlockByNumber
[2022/09/29 15:47:05.010] - eth_getBlockByNumber
[2022/09/29 15:47:05.029] - eth_estimateGas
[2022/09/29 15:47:05.164] - eth_getBlockByNumber
[2022/09/29 15:47:05.165] - eth_blockNumber
[2022/09/29 15:47:05.181] - eth_estimateGas
[2022/09/29 15:47:05.297] - eth_getBlockByNumber
[2022/09/29 15:47:05.298] - eth_gasPrice
[2022/09/29 15:47:05.302] - eth_sendTransaction
[2022/09/29 15:47:05.425] - eth_getBlockByNumber
[2022/09/29 15:47:05.440] - 
[2022/09/29 15:47:05.440] -   Transaction: 0x5a14854ec75a6710c6105ae0ea1eacd47b896bbc64c28515810a315cb1b9501a
[2022/09/29 15:47:05.440] -   Contract created: 0xed01190b81da0c1ea26e40ec28737ed9ec998ac5
[2022/09/29 15:47:05.441] -   Gas usage: 464204
[2022/09/29 15:47:05.441] -   Block Number: 18
[2022/09/29 15:47:05.441] -   Block Time: Thu Sep 29 2022 15:47:05 GMT-0500 (Colombia Standard Time)
[2022/09/29 15:47:05.442] - 
[2022/09/29 15:47:05.447] - eth_getBlockByNumber
[2022/09/29 15:47:05.449] - eth_getTransactionReceipt
[2022/09/29 15:47:05.450] - eth_getBalance
[2022/09/29 15:47:05.451] - eth_getTransactionCount
[2022/09/29 15:47:05.453] - eth_getBlockByNumber
[2022/09/29 15:47:05.454] - eth_getBalance
[2022/09/29 15:47:05.454] - eth_getTransactionCount
[2022/09/29 15:47:05.458] - eth_getBalance
[2022/09/29 15:47:05.459] - eth_getTransactionCount
[2022/09/29 15:47:05.461] - eth_getBalance
[2022/09/29 15:47:05.464] - eth_getCode
[2022/09/29 15:47:05.465] - eth_getTransactionCount
[2022/09/29 15:47:05.468] - eth_getBalance
[2022/09/29 15:47:05.473] - eth_getTransactionCount
[2022/09/29 15:47:05.533] - eth_getTransactionByHash
[2022/09/29 15:47:05.552] - eth_getBlockByNumber
[2022/09/29 15:47:05.567] - eth_getBalance
[2022/09/29 15:47:05.588] - eth_getBlockByNumber
[2022/09/29 15:47:05.600] - eth_getBlockByNumber
[2022/09/29 15:47:05.614] - eth_estimateGas
[2022/09/29 15:47:05.760] - eth_getBlockByNumber
[2022/09/29 15:47:05.761] - eth_gasPrice
[2022/09/29 15:47:05.767] - eth_sendTransaction
[2022/09/29 15:47:05.874] - 
[2022/09/29 15:47:05.875] -   Transaction: 0xbfc75ddc50fde251de1c5a360f6ef053885a9d70461e61580e51fb6756e70350
[2022/09/29 15:47:05.875] -   Gas usage: 27513
[2022/09/29 15:47:05.876] -   Block Number: 19
[2022/09/29 15:47:05.876] -   Block Time: Thu Sep 29 2022 15:47:05 GMT-0500 (Colombia Standard Time)
[2022/09/29 15:47:05.877] - 
[2022/09/29 15:47:05.878] - eth_getBlockByNumber
[2022/09/29 15:47:05.879] - eth_getTransactionReceipt
[2022/09/29 15:47:05.879] - eth_getBalance
[2022/09/29 15:47:05.885] - eth_getTransactionCount
[2022/09/29 15:47:05.890] - eth_getBalance
[2022/09/29 15:47:05.895] - eth_getTransactionCount
[2022/09/29 15:47:05.900] - eth_getBalance
[2022/09/29 15:47:05.903] - eth_getTransactionCount
[2022/09/29 15:47:05.914] - eth_getBalance
[2022/09/29 15:47:05.917] - eth_getTransactionCount
[2022/09/29 15:47:05.919] - eth_getBalance
[2022/09/29 15:47:05.922] - eth_getTransactionCount
[2022/09/29 15:47:15.587] - eth_blockNumber
[2022/09/29 15:47:15.611] - net_version
[2022/09/29 15:47:15.620] - eth_accounts
[2022/09/29 15:47:15.646] - eth_blockNumber
[2022/09/29 15:47:15.665] - net_version
[2022/09/29 15:47:17.764] - eth_accounts
[2022/09/29 15:47:19.045] - eth_getBlockByNumber
[2022/09/29 15:47:19.061] - eth_accounts
[2022/09/29 15:47:19.138] - eth_getBlockByNumber
[2022/09/29 15:47:19.150] - eth_getBlockByNumber
[2022/09/29 15:47:19.166] - eth_getBlockByNumber
[2022/09/29 15:47:19.185] - eth_estimateGas
[2022/09/29 15:47:19.562] - eth_getBlockByNumber
[2022/09/29 15:47:19.563] - eth_blockNumber
[2022/09/29 15:47:19.570] - eth_estimateGas
[2022/09/29 15:47:19.716] - eth_getBlockByNumber
[2022/09/29 15:47:19.717] - eth_gasPrice
[2022/09/29 15:47:19.731] - eth_sendTransaction
[2022/09/29 15:47:19.896] - 
[2022/09/29 15:47:19.897] -   Transaction: 0xb613fdfeaf6a69b8eb49f02f72e1651614fc03d889ee1c606fdb8e223a34388e
[2022/09/29 15:47:19.897] -   Contract created: 0x55050a39ee23dc248b0ea941ebbf28851ce6cc06
[2022/09/29 15:47:19.898] -   Gas usage: 246892
[2022/09/29 15:47:19.898] -   Block Number: 20
[2022/09/29 15:47:19.899] -   Block Time: Thu Sep 29 2022 15:47:19 GMT-0500 (Colombia Standard Time)
[2022/09/29 15:47:19.899] - 
[2022/09/29 15:47:19.913] - eth_getBlockByNumber
[2022/09/29 15:47:19.916] - eth_getTransactionReceipt
[2022/09/29 15:47:19.917] - eth_getBalance
[2022/09/29 15:47:19.918] - eth_getTransactionCount
[2022/09/29 15:47:19.919] - eth_getBalance
[2022/09/29 15:47:19.923] - eth_getTransactionCount
[2022/09/29 15:47:19.924] - eth_getBalance
[2022/09/29 15:47:19.924] - eth_getTransactionCount
[2022/09/29 15:47:19.925] - eth_getBalance
[2022/09/29 15:47:19.927] - eth_getTransactionCount
[2022/09/29 15:47:19.928] - eth_getBalance
[2022/09/29 15:47:19.929] - eth_getCode
[2022/09/29 15:47:19.931] - eth_getTransactionCount
[2022/09/29 15:47:20.064] - eth_getBlockByNumber
[2022/09/29 15:47:20.079] - eth_getBlockByNumber
[2022/09/29 15:47:20.095] - eth_estimateGas
[2022/09/29 15:47:20.271] - eth_getBlockByNumber
[2022/09/29 15:47:20.272] - eth_gasPrice
[2022/09/29 15:47:20.277] - eth_sendTransaction
[2022/09/29 15:47:20.398] - 
[2022/09/29 15:47:20.399] -   Transaction: 0x42902f678a25dda017a7725489da8587f10ecce7663907898f73e01dcbf8b32a
[2022/09/29 15:47:20.399] -   Gas usage: 42513
[2022/09/29 15:47:20.400] -   Block Number: 21
[2022/09/29 15:47:20.400] -   Block Time: Thu Sep 29 2022 15:47:20 GMT-0500 (Colombia Standard Time)
[2022/09/29 15:47:20.401] - 
[2022/09/29 15:47:20.402] - eth_getBlockByNumber
[2022/09/29 15:47:20.403] - eth_getBalance
[2022/09/29 15:47:20.404] - eth_getTransactionCount
[2022/09/29 15:47:20.405] - eth_getTransactionReceipt
[2022/09/29 15:47:20.407] - eth_getBalance
[2022/09/29 15:47:20.407] - eth_getTransactionCount
[2022/09/29 15:47:20.409] - eth_getBalance
[2022/09/29 15:47:20.412] - eth_getTransactionCount
[2022/09/29 15:47:20.413] - eth_getBalance
[2022/09/29 15:47:20.417] - eth_getTransactionCount
[2022/09/29 15:47:20.420] - eth_getBalance
[2022/09/29 15:47:20.422] - eth_getBlockByNumber
[2022/09/29 15:47:20.423] - eth_getTransactionCount
[2022/09/29 15:47:20.470] - eth_accounts
[2022/09/29 15:47:20.510] - eth_getBlockByNumber
[2022/09/29 15:47:20.520] - eth_getBlockByNumber
[2022/09/29 15:47:20.532] - eth_getBlockByNumber
[2022/09/29 15:47:20.549] - eth_estimateGas
[2022/09/29 15:47:20.728] - eth_getBlockByNumber
[2022/09/29 15:47:20.729] - eth_blockNumber
[2022/09/29 15:47:20.738] - eth_estimateGas
[2022/09/29 15:47:20.891] - eth_getBlockByNumber
[2022/09/29 15:47:20.892] - eth_gasPrice
[2022/09/29 15:47:20.897] - eth_sendTransaction
[2022/09/29 15:47:20.935] - eth_getBlockByNumber
[2022/09/29 15:47:21.089] - 
[2022/09/29 15:47:21.090] -   Transaction: 0xc2ce91c66f865bb115984514895af46ea134a1df8d08e128214b96b936e519b0
[2022/09/29 15:47:21.090] -   Contract created: 0xe470965dfc28c047c60998af06a7638fa06b9cbe
[2022/09/29 15:47:21.091] -   Gas usage: 464204
[2022/09/29 15:47:21.091] -   Block Number: 22
[2022/09/29 15:47:21.092] -   Block Time: Thu Sep 29 2022 15:47:20 GMT-0500 (Colombia Standard Time)
[2022/09/29 15:47:21.092] - 
[2022/09/29 15:47:21.097] - eth_getBlockByNumber
[2022/09/29 15:47:21.097] - eth_getBalance
[2022/09/29 15:47:21.098] - eth_getTransactionCount
[2022/09/29 15:47:21.099] - eth_getTransactionReceipt
[2022/09/29 15:47:21.100] - eth_getBalance
[2022/09/29 15:47:21.103] - eth_getTransactionCount
[2022/09/29 15:47:21.104] - eth_getBalance
[2022/09/29 15:47:21.105] - eth_getTransactionCount
[2022/09/29 15:47:21.107] - eth_getBalance
[2022/09/29 15:47:21.110] - eth_getTransactionCount
[2022/09/29 15:47:21.114] - eth_getBalance
[2022/09/29 15:47:21.115] - eth_getBlockByNumber
[2022/09/29 15:47:21.116] - eth_getTransactionCount
[2022/09/29 15:47:21.118] - eth_getCode
[2022/09/29 15:47:21.228] - eth_getBlockByNumber
[2022/09/29 15:47:21.235] - eth_getBlockByNumber
[2022/09/29 15:47:21.251] - eth_estimateGas
[2022/09/29 15:47:21.383] - eth_getBlockByNumber
[2022/09/29 15:47:21.384] - eth_gasPrice
[2022/09/29 15:47:21.388] - eth_sendTransaction
[2022/09/29 15:47:21.423] - eth_getBlockByNumber
[2022/09/29 15:47:21.544] - 
[2022/09/29 15:47:21.545] -   Transaction: 0x75107b8c85824ad3db41a75453d1030e41aeda8c69897131569f076462783aa6
[2022/09/29 15:47:21.545] -   Gas usage: 27513
[2022/09/29 15:47:21.545] -   Block Number: 23
[2022/09/29 15:47:21.546] -   Block Time: Thu Sep 29 2022 15:47:21 GMT-0500 (Colombia Standard Time)
[2022/09/29 15:47:21.546] - 
[2022/09/29 15:47:21.548] - eth_getBlockByNumber
[2022/09/29 15:47:21.549] - eth_getTransactionReceipt
[2022/09/29 15:47:21.550] - eth_getBalance
[2022/09/29 15:47:21.553] - eth_getBlockByNumber
[2022/09/29 15:47:21.554] - eth_getTransactionCount
[2022/09/29 15:47:21.556] - eth_getBalance
[2022/09/29 15:47:21.557] - eth_getTransactionCount
[2022/09/29 15:47:21.560] - eth_getBalance
[2022/09/29 15:47:21.563] - eth_getTransactionCount
[2022/09/29 15:47:21.566] - eth_getBalance
[2022/09/29 15:47:21.568] - eth_getTransactionCount
[2022/09/29 15:47:21.570] - eth_getBalance
[2022/09/29 15:47:21.573] - eth_getTransactionCount
[2022/09/29 15:47:21.617] - evm_snapshot
[2022/09/29 15:47:21.626] - Saved snapshot #2
[2022/09/29 15:47:21.674] - eth_blockNumber
[2022/09/29 15:47:21.715] - eth_getBlockByNumber
[2022/09/29 15:47:21.724] - eth_call
[2022/09/29 15:47:21.806] - eth_blockNumber
[2022/09/29 15:47:21.822] - eth_getBlockByNumber
[2022/09/29 15:47:21.832] - eth_call
[2022/09/29 15:47:21.902] - eth_blockNumber
[2022/09/29 15:47:21.918] - eth_getBlockByNumber
[2022/09/29 15:47:21.927] - eth_getBlockByNumber
[2022/09/29 15:47:21.946] - eth_getBlockByNumber
[2022/09/29 15:47:21.946] - eth_estimateGas
[2022/09/29 15:47:21.952] - eth_getBlockByNumber
[2022/09/29 15:47:22.123] - eth_getBlockByNumber
[2022/09/29 15:47:22.141] - eth_getBlockByNumber
[2022/09/29 15:47:22.142] - eth_gasPrice
[2022/09/29 15:47:22.144] - eth_getBlockByNumber
[2022/09/29 15:47:22.154] - eth_sendTransaction
[2022/09/29 15:47:22.323] - 
[2022/09/29 15:47:22.324] -   Transaction: 0xaa7f58f7a5bf51beecf2c5add49e41ba5d0eaa9d994187065601b358e55339d8
[2022/09/29 15:47:22.325] -   Gas usage: 46725
[2022/09/29 15:47:22.326] -   Block Number: 24
[2022/09/29 15:47:22.326] -   Block Time: Thu Sep 29 2022 15:47:22 GMT-0500 (Colombia Standard Time)
[2022/09/29 15:47:22.327] - 
[2022/09/29 15:47:22.330] - eth_getBlockByNumber
[2022/09/29 15:47:22.331] - eth_getTransactionReceipt
[2022/09/29 15:47:22.332] - eth_getBalance
[2022/09/29 15:47:22.333] - eth_getTransactionCount
[2022/09/29 15:47:22.335] - eth_getBalance
[2022/09/29 15:47:22.338] - eth_getTransactionCount
[2022/09/29 15:47:22.338] - eth_getBalance
[2022/09/29 15:47:22.340] - eth_getTransactionCount
[2022/09/29 15:47:22.342] - eth_getBalance
[2022/09/29 15:47:22.343] - eth_getTransactionCount
[2022/09/29 15:47:22.355] - eth_call
[2022/09/29 15:47:22.356] - eth_getBalance
[2022/09/29 15:47:22.356] - eth_getTransactionCount
[2022/09/29 15:47:22.432] - eth_getBlockByNumber
[2022/09/29 15:54:55.756] - eth_accounts
[2022/09/29 15:55:05.967] - eth_accounts
[2022/09/29 15:57:16.956] - eth_blockNumber
[2022/09/29 15:58:27.811] - eth_getBlockByNumber
[2022/09/29 15:58:32.210] - eth_getBlockByNumber
[2022/09/29 15:58:32.223] - eth_estimateGas
[2022/09/29 15:58:32.481] - eth_getBlockByNumber
[2022/09/29 15:58:32.481] - eth_gasPrice
[2022/09/29 15:58:32.486] - eth_sendTransaction
[2022/09/29 15:58:32.705] - 
[2022/09/29 15:58:32.706] -   Transaction: 0x52dae6602c38325ce4e204c63e825eb39b461516c070a6a186423fa4cba03575
[2022/09/29 15:58:32.706] -   Gas usage: 46413
[2022/09/29 15:58:32.706] -   Block Number: 25
[2022/09/29 15:58:32.707] -   Block Time: Thu Sep 29 2022 15:58:32 GMT-0500 (Colombia Standard Time)
[2022/09/29 15:58:32.707] - 
[2022/09/29 15:58:32.709] - eth_getBlockByNumber
[2022/09/29 15:58:32.710] - eth_getTransactionReceipt
[2022/09/29 15:58:32.710] - eth_getBalance
[2022/09/29 15:58:32.712] - eth_getTransactionCount
[2022/09/29 15:58:32.715] - eth_getBalance
[2022/09/29 15:58:32.716] - eth_getTransactionCount
[2022/09/29 15:58:32.717] - eth_getBalance
[2022/09/29 15:58:32.720] - eth_getTransactionCount
[2022/09/29 15:58:32.722] - eth_getBalance
[2022/09/29 15:58:32.727] - eth_getTransactionCount
[2022/09/29 15:58:32.727] - eth_getBalance
[2022/09/29 15:58:32.728] - eth_getTransactionCount
[2022/09/29 15:58:33.731] - eth_getBlockByNumber
[2022/09/29 15:58:33.752] - eth_getBlockByNumber
[2022/09/29 15:58:34.736] - eth_getBlockByNumber
[2022/09/29 15:58:34.753] - eth_getBlockByNumber
[2022/09/29 15:58:35.745] - eth_getBlockByNumber
[2022/09/29 15:58:35.766] - eth_getBlockByNumber
[2022/09/29 15:58:36.757] - eth_getBlockByNumber
[2022/09/29 15:58:36.779] - eth_getBlockByNumber
[2022/09/29 15:58:37.764] - eth_getBlockByNumber
[2022/09/29 15:58:37.788] - eth_getBlockByNumber
[2022/09/29 15:58:38.765] - eth_getBlockByNumber
[2022/09/29 15:58:38.786] - eth_getBlockByNumber
[2022/09/29 15:58:39.783] - eth_getBlockByNumber
[2022/09/29 15:58:39.802] - eth_getBlockByNumber
[2022/09/29 15:58:40.793] - eth_getBlockByNumber
[2022/09/29 15:58:40.811] - eth_getBlockByNumber
[2022/09/29 15:58:41.807] - eth_getBlockByNumber
[2022/09/29 15:58:41.815] - eth_getBlockByNumber
[2022/09/29 15:58:42.816] - eth_getBlockByNumber
[2022/09/29 15:58:42.836] - eth_getBlockByNumber
[2022/09/29 15:58:43.817] - eth_getBlockByNumber
[2022/09/29 15:58:43.835] - eth_getBlockByNumber
[2022/09/29 15:58:44.827] - eth_getBlockByNumber
[2022/09/29 15:58:44.846] - eth_getBlockByNumber
[2022/09/29 15:58:45.828] - eth_getBlockByNumber
[2022/09/29 15:58:45.832] - eth_getBlockByNumber
[2022/09/29 15:58:46.839] - eth_getBlockByNumber
[2022/09/29 15:58:46.854] - eth_getBlockByNumber
[2022/09/29 15:58:47.852] - eth_getBlockByNumber
[2022/09/29 15:58:47.872] - eth_getBlockByNumber
[2022/09/29 15:58:47.934] - eth_blockNumber
[2022/09/29 15:58:48.860] - eth_getBlockByNumber
[2022/09/29 15:58:48.879] - eth_getBlockByNumber
[2022/09/29 15:58:49.873] - eth_getBlockByNumber
[2022/09/29 15:58:49.889] - eth_getBlockByNumber
[2022/09/29 15:58:50.875] - eth_getBlockByNumber
[2022/09/29 15:58:50.898] - eth_getBlockByNumber
[2022/09/29 15:58:51.881] - eth_getBlockByNumber
[2022/09/29 15:58:51.902] - eth_getBlockByNumber
[2022/09/29 15:58:52.891] - eth_getBlockByNumber
[2022/09/29 15:58:52.912] - eth_getBlockByNumber
[2022/09/29 15:58:53.901] - eth_getBlockByNumber
[2022/09/29 15:58:53.920] - eth_getBlockByNumber
[2022/09/29 15:58:54.910] - eth_getBlockByNumber
[2022/09/29 15:58:54.931] - eth_getBlockByNumber
[2022/09/29 15:58:55.920] - eth_getBlockByNumber
[2022/09/29 15:58:55.937] - eth_getBlockByNumber
[2022/09/29 15:58:56.930] - eth_getBlockByNumber
[2022/09/29 15:58:56.943] - eth_getBlockByNumber
[2022/09/29 15:58:57.945] - eth_getBlockByNumber
[2022/09/29 15:58:57.967] - eth_getBlockByNumber
[2022/09/29 15:58:58.956] - eth_getBlockByNumber
[2022/09/29 15:58:58.970] - eth_getBlockByNumber
[2022/09/29 15:58:59.967] - eth_getBlockByNumber
[2022/09/29 15:58:59.989] - eth_getBlockByNumber
[2022/09/29 15:59:00.976] - eth_getBlockByNumber
[2022/09/29 15:59:00.991] - eth_getBlockByNumber
[2022/09/29 15:59:01.984] - eth_getBlockByNumber
[2022/09/29 15:59:02.003] - eth_getBlockByNumber
[2022/09/29 15:59:02.998] - eth_getBlockByNumber
[2022/09/29 15:59:03.020] - eth_getBlockByNumber
[2022/09/29 15:59:04.010] - eth_getBlockByNumber
[2022/09/29 15:59:04.023] - eth_getBlockByNumber
[2022/09/29 15:59:05.021] - eth_getBlockByNumber
[2022/09/29 15:59:05.041] - eth_getBlockByNumber
[2022/09/29 15:59:06.027] - eth_getBlockByNumber
[2022/09/29 15:59:06.044] - eth_getBlockByNumber
[2022/09/29 15:59:07.037] - eth_getBlockByNumber
[2022/09/29 15:59:07.052] - eth_getBlockByNumber
[2022/09/29 15:59:08.047] - eth_getBlockByNumber
[2022/09/29 15:59:08.062] - eth_getBlockByNumber
[2022/09/29 15:59:09.060] - eth_getBlockByNumber
[2022/09/29 15:59:09.074] - eth_getBlockByNumber
[2022/09/29 15:59:10.063] - eth_getBlockByNumber
[2022/09/29 15:59:10.089] - eth_getBlockByNumber
[2022/09/29 15:59:11.069] - eth_getBlockByNumber
[2022/09/29 15:59:11.086] - eth_getBlockByNumber
[2022/09/29 15:59:12.080] - eth_getBlockByNumber
[2022/09/29 15:59:12.089] - eth_getBlockByNumber
[2022/09/29 15:59:13.087] - eth_getBlockByNumber
[2022/09/29 15:59:13.107] - eth_getBlockByNumber
[2022/09/29 15:59:14.095] - eth_getBlockByNumber
[2022/09/29 15:59:14.109] - eth_getBlockByNumber
[2022/09/29 15:59:15.106] - eth_getBlockByNumber
[2022/09/29 15:59:15.127] - eth_getBlockByNumber
[2022/09/29 15:59:16.108] - eth_getBlockByNumber
[2022/09/29 15:59:16.123] - eth_getBlockByNumber
[2022/09/29 15:59:17.110] - eth_getBlockByNumber
[2022/09/29 15:59:17.125] - eth_getBlockByNumber
[2022/09/29 15:59:18.124] - eth_getBlockByNumber
[2022/09/29 15:59:18.148] - eth_getBlockByNumber
[2022/09/29 15:59:19.139] - eth_getBlockByNumber
[2022/09/29 15:59:19.159] - eth_getBlockByNumber
[2022/09/29 15:59:20.149] - eth_getBlockByNumber
[2022/09/29 15:59:20.167] - eth_getBlockByNumber
[2022/09/29 15:59:21.149] - eth_getBlockByNumber
[2022/09/29 15:59:21.171] - eth_getBlockByNumber
[2022/09/29 15:59:22.154] - eth_getBlockByNumber
[2022/09/29 15:59:22.173] - eth_getBlockByNumber
[2022/09/29 15:59:23.158] - eth_getBlockByNumber
[2022/09/29 15:59:23.173] - eth_getBlockByNumber
[2022/09/29 15:59:24.169] - eth_getBlockByNumber
[2022/09/29 15:59:24.193] - eth_getBlockByNumber
[2022/09/29 15:59:25.181] - eth_getBlockByNumber
[2022/09/29 15:59:25.200] - eth_getBlockByNumber
[2022/09/29 15:59:26.195] - eth_getBlockByNumber
[2022/09/29 15:59:26.214] - eth_getBlockByNumber
[2022/09/29 15:59:27.205] - eth_getBlockByNumber
[2022/09/29 15:59:27.221] - eth_getBlockByNumber
[2022/09/29 15:59:28.210] - eth_getBlockByNumber
[2022/09/29 15:59:28.234] - eth_getBlockByNumber
[2022/09/29 15:59:29.212] - eth_getBlockByNumber
[2022/09/29 15:59:29.233] - eth_getBlockByNumber
[2022/09/29 15:59:30.218] - eth_getBlockByNumber
[2022/09/29 15:59:30.236] - eth_getBlockByNumber
[2022/09/29 15:59:31.224] - eth_getBlockByNumber
[2022/09/29 15:59:31.243] - eth_getBlockByNumber
[2022/09/29 15:59:32.244] - eth_getBlockByNumber
[2022/09/29 15:59:32.255] - eth_getBlockByNumber
[2022/09/29 15:59:33.245] - eth_getBlockByNumber
[2022/09/29 15:59:33.266] - eth_getBlockByNumber
[2022/09/29 15:59:33.771] - eth_getBalance
[2022/09/29 15:59:34.252] - eth_getBlockByNumber
[2022/09/29 15:59:34.262] - eth_getBlockByNumber
[2022/09/29 15:59:35.260] - eth_getBlockByNumber
[2022/09/29 15:59:35.275] - eth_getBlockByNumber
[2022/09/29 15:59:36.271] - eth_getBlockByNumber
[2022/09/29 15:59:36.286] - eth_getBlockByNumber
[2022/09/29 15:59:37.277] - eth_getBlockByNumber
[2022/09/29 15:59:37.293] - eth_getBlockByNumber
[2022/09/29 15:59:38.284] - eth_getBlockByNumber
[2022/09/29 15:59:38.309] - eth_getBlockByNumber
[2022/09/29 15:59:39.287] - eth_getBlockByNumber
[2022/09/29 15:59:39.309] - eth_getBlockByNumber
[2022/09/29 15:59:40.296] - eth_getBlockByNumber
[2022/09/29 15:59:40.318] - eth_getBlockByNumber
[2022/09/29 15:59:41.311] - eth_getBlockByNumber
[2022/09/29 15:59:41.331] - eth_getBlockByNumber
[2022/09/29 15:59:42.317] - eth_getBlockByNumber
[2022/09/29 15:59:42.338] - eth_getBlockByNumber
[2022/09/29 15:59:43.326] - eth_getBlockByNumber
[2022/09/29 15:59:43.344] - eth_getBlockByNumber
[2022/09/29 15:59:44.338] - eth_getBlockByNumber
[2022/09/29 15:59:44.359] - eth_getBlockByNumber
[2022/09/29 15:59:45.341] - eth_getBlockByNumber
[2022/09/29 15:59:45.355] - eth_getBlockByNumber
[2022/09/29 15:59:46.345] - eth_getBlockByNumber
[2022/09/29 15:59:46.366] - eth_getBlockByNumber
[2022/09/29 15:59:47.355] - eth_getBlockByNumber
[2022/09/29 15:59:47.369] - eth_getBlockByNumber
[2022/09/29 15:59:48.364] - eth_getBlockByNumber
[2022/09/29 15:59:48.377] - eth_getBlockByNumber
[2022/09/29 15:59:49.372] - eth_getBlockByNumber
[2022/09/29 15:59:49.390] - eth_getBlockByNumber
[2022/09/29 15:59:50.380] - eth_getBlockByNumber
[2022/09/29 15:59:50.398] - eth_getBlockByNumber
[2022/09/29 15:59:51.390] - eth_getBlockByNumber
[2022/09/29 15:59:51.410] - eth_getBlockByNumber
[2022/09/29 15:59:52.401] - eth_getBlockByNumber
[2022/09/29 15:59:52.421] - eth_getBlockByNumber
[2022/09/29 15:59:53.404] - eth_getBlockByNumber
[2022/09/29 15:59:53.420] - eth_getBlockByNumber
[2022/09/29 15:59:54.417] - eth_getBlockByNumber
[2022/09/29 15:59:54.433] - eth_getBlockByNumber
[2022/09/29 15:59:55.420] - eth_getBlockByNumber
[2022/09/29 15:59:55.429] - eth_getBlockByNumber
[2022/09/29 15:59:56.423] - eth_getBlockByNumber
[2022/09/29 15:59:56.438] - eth_getBlockByNumber
[2022/09/29 15:59:57.437] - eth_getBlockByNumber
[2022/09/29 15:59:57.451] - eth_getBlockByNumber
[2022/09/29 15:59:58.452] - eth_getBlockByNumber
[2022/09/29 15:59:58.471] - eth_getBlockByNumber
[2022/09/29 15:59:59.460] - eth_getBlockByNumber
[2022/09/29 15:59:59.476] - eth_getBlockByNumber
[2022/09/29 16:00:00.464] - eth_getBlockByNumber
[2022/09/29 16:00:00.486] - eth_getBlockByNumber
[2022/09/29 16:00:01.474] - eth_getBlockByNumber
[2022/09/29 16:00:01.495] - eth_getBlockByNumber
[2022/09/29 16:00:02.488] - eth_getBlockByNumber
[2022/09/29 16:00:02.509] - eth_getBlockByNumber
[2022/09/29 16:00:03.487] - eth_getBlockByNumber
[2022/09/29 16:00:03.505] - eth_getBlockByNumber
[2022/09/29 16:00:04.498] - eth_getBlockByNumber
[2022/09/29 16:00:04.515] - eth_getBlockByNumber
[2022/09/29 16:00:05.504] - eth_getBlockByNumber
[2022/09/29 16:00:05.522] - eth_getBlockByNumber
[2022/09/29 16:00:06.509] - eth_getBlockByNumber
[2022/09/29 16:00:06.525] - eth_getBlockByNumber
[2022/09/29 16:00:07.517] - eth_getBlockByNumber
[2022/09/29 16:00:07.537] - eth_getBlockByNumber
[2022/09/29 16:00:08.517] - eth_getBlockByNumber
[2022/09/29 16:00:08.533] - eth_getBlockByNumber
[2022/09/29 16:00:09.529] - eth_getBlockByNumber
[2022/09/29 16:00:09.546] - eth_getBlockByNumber
[2022/09/29 16:00:10.533] - eth_getBlockByNumber
[2022/09/29 16:00:10.548] - eth_getBlockByNumber
[2022/09/29 16:00:11.537] - eth_getBlockByNumber
[2022/09/29 16:00:11.552] - eth_getBlockByNumber
[2022/09/29 16:00:12.542] - eth_getBlockByNumber
[2022/09/29 16:00:12.557] - eth_getBlockByNumber
[2022/09/29 16:00:13.554] - eth_getBlockByNumber
[2022/09/29 16:00:13.575] - eth_getBlockByNumber
[2022/09/29 16:00:14.564] - eth_getBlockByNumber
[2022/09/29 16:00:14.582] - eth_getBlockByNumber
[2022/09/29 16:00:15.580] - eth_getBlockByNumber
[2022/09/29 16:00:15.608] - eth_getBlockByNumber
[2022/09/29 16:00:16.594] - eth_getBlockByNumber
[2022/09/29 16:00:16.614] - eth_getBlockByNumber
[2022/09/29 16:00:17.612] - eth_getBlockByNumber
[2022/09/29 16:00:17.635] - eth_getBlockByNumber
[2022/09/29 16:00:18.622] - eth_getBlockByNumber
[2022/09/29 16:00:18.645] - eth_getBlockByNumber
[2022/09/29 16:00:19.624] - eth_getBlockByNumber
[2022/09/29 16:00:19.643] - eth_getBlockByNumber
[2022/09/29 16:00:20.627] - eth_getBlockByNumber
[2022/09/29 16:00:20.644] - eth_getBlockByNumber
[2022/09/29 16:00:21.628] - eth_getBlockByNumber
[2022/09/29 16:00:21.650] - eth_getBlockByNumber
[2022/09/29 16:00:22.638] - eth_getBlockByNumber
[2022/09/29 16:00:22.653] - eth_getBlockByNumber
[2022/09/29 16:00:23.642] - eth_getBlockByNumber
[2022/09/29 16:00:23.656] - eth_getBlockByNumber
[2022/09/29 16:00:24.642] - eth_getBlockByNumber
[2022/09/29 16:00:24.663] - eth_getBlockByNumber
[2022/09/29 16:00:25.644] - eth_getBlockByNumber
[2022/09/29 16:00:25.661] - eth_getBlockByNumber
[2022/09/29 16:00:26.645] - eth_getBlockByNumber
[2022/09/29 16:00:26.663] - eth_getBlockByNumber
[2022/09/29 16:00:27.651] - eth_getBlockByNumber
[2022/09/29 16:00:27.668] - eth_getBlockByNumber
[2022/09/29 16:00:28.660] - eth_getBlockByNumber
[2022/09/29 16:00:28.678] - eth_getBlockByNumber
[2022/09/29 16:00:29.667] - eth_getBlockByNumber
[2022/09/29 16:00:29.684] - eth_getBlockByNumber
[2022/09/29 16:00:30.675] - eth_getBlockByNumber
[2022/09/29 16:00:30.691] - eth_getBlockByNumber
[2022/09/29 16:00:31.681] - eth_getBlockByNumber
[2022/09/29 16:00:31.691] - eth_getBlockByNumber
[2022/09/29 16:00:32.692] - eth_getBlockByNumber
[2022/09/29 16:00:32.705] - eth_getBlockByNumber
[2022/09/29 16:00:33.690] - eth_getBlockByNumber
[2022/09/29 16:00:33.704] - eth_getBlockByNumber
[2022/09/29 16:00:34.687] - eth_getBlockByNumber
[2022/09/29 16:00:34.706] - eth_getBlockByNumber
[2022/09/29 16:00:35.690] - eth_getBlockByNumber
[2022/09/29 16:00:35.710] - eth_getBlockByNumber
[2022/09/29 16:00:36.709] - eth_getBlockByNumber
[2022/09/29 16:00:36.722] - eth_getBlockByNumber
[2022/09/29 16:00:37.722] - eth_getBlockByNumber
[2022/09/29 16:00:37.735] - eth_getBlockByNumber
[2022/09/29 16:00:38.722] - eth_getBlockByNumber
[2022/09/29 16:00:38.736] - eth_getBlockByNumber
[2022/09/29 16:00:39.737] - eth_getBlockByNumber
[2022/09/29 16:00:39.751] - eth_getBlockByNumber
[2022/09/29 16:00:40.751] - eth_getBlockByNumber
[2022/09/29 16:00:40.770] - eth_getBlockByNumber
[2022/09/29 16:00:41.753] - eth_getBlockByNumber
[2022/09/29 16:00:41.767] - eth_getBlockByNumber
[2022/09/29 16:00:42.765] - eth_getBlockByNumber
[2022/09/29 16:00:42.782] - eth_getBlockByNumber
[2022/09/29 16:00:43.773] - eth_getBlockByNumber
[2022/09/29 16:00:43.787] - eth_getBlockByNumber
[2022/09/29 16:00:44.782] - eth_getBlockByNumber
[2022/09/29 16:00:44.802] - eth_getBlockByNumber
[2022/09/29 16:00:45.783] - eth_getBlockByNumber
[2022/09/29 16:00:45.797] - eth_getBlockByNumber
[2022/09/29 16:00:46.785] - eth_getBlockByNumber
[2022/09/29 16:00:46.804] - eth_getBlockByNumber
[2022/09/29 16:00:47.788] - eth_getBlockByNumber
[2022/09/29 16:00:47.806] - eth_getBlockByNumber
[2022/09/29 16:00:48.795] - eth_getBlockByNumber
[2022/09/29 16:00:48.820] - eth_getBlockByNumber
[2022/09/29 16:00:49.799] - eth_getBlockByNumber
[2022/09/29 16:00:49.818] - eth_getBlockByNumber
[2022/09/29 16:00:50.811] - eth_getBlockByNumber
[2022/09/29 16:00:50.830] - eth_getBlockByNumber
[2022/09/29 16:00:51.826] - eth_getBlockByNumber
[2022/09/29 16:00:51.845] - eth_getBlockByNumber
[2022/09/29 16:00:52.839] - eth_getBlockByNumber
[2022/09/29 16:00:52.857] - eth_getBlockByNumber
[2022/09/29 16:00:53.841] - eth_getBlockByNumber
[2022/09/29 16:00:53.860] - eth_getBlockByNumber
[2022/09/29 16:00:54.844] - eth_getBlockByNumber
[2022/09/29 16:00:54.863] - eth_getBlockByNumber
[2022/09/29 16:00:55.857] - eth_getBlockByNumber
[2022/09/29 16:00:55.875] - eth_getBlockByNumber
[2022/09/29 16:00:56.875] - eth_getBlockByNumber
[2022/09/29 16:00:56.888] - eth_getBlockByNumber
[2022/09/29 16:00:57.878] - eth_getBlockByNumber
[2022/09/29 16:00:57.895] - eth_getBlockByNumber
[2022/09/29 16:00:58.888] - eth_getBlockByNumber
[2022/09/29 16:00:58.904] - eth_getBlockByNumber
[2022/09/29 16:00:59.906] - eth_getBlockByNumber
[2022/09/29 16:00:59.920] - eth_getBlockByNumber
[2022/09/29 16:01:00.904] - eth_getBlockByNumber
[2022/09/29 16:01:00.920] - eth_getBlockByNumber
[2022/09/29 16:01:01.905] - eth_getBlockByNumber
[2022/09/29 16:01:01.920] - eth_getBlockByNumber
[2022/09/29 16:01:02.905] - eth_getBlockByNumber
[2022/09/29 16:01:02.920] - eth_getBlockByNumber
[2022/09/29 16:01:03.905] - eth_getBlockByNumber
[2022/09/29 16:01:03.920] - eth_getBlockByNumber
[2022/09/29 16:01:04.921] - eth_getBlockByNumber
[2022/09/29 16:01:04.935] - eth_getBlockByNumber
[2022/09/29 16:01:05.921] - eth_getBlockByNumber
[2022/09/29 16:01:05.935] - eth_getBlockByNumber
[2022/09/29 16:01:06.921] - eth_getBlockByNumber
[2022/09/29 16:01:06.936] - eth_getBlockByNumber
[2022/09/29 16:01:07.935] - eth_getBlockByNumber
[2022/09/29 16:01:07.950] - eth_getBlockByNumber
[2022/09/29 16:01:08.934] - eth_getBlockByNumber
[2022/09/29 16:01:08.950] - eth_getBlockByNumber
[2022/09/29 16:01:09.933] - eth_getBlockByNumber
[2022/09/29 16:01:09.949] - eth_getBlockByNumber
[2022/09/29 16:01:10.935] - eth_getBlockByNumber
[2022/09/29 16:01:10.954] - eth_getBlockByNumber
[2022/09/29 16:01:11.935] - eth_getBlockByNumber
[2022/09/29 16:01:11.950] - eth_getBlockByNumber
[2022/09/29 16:01:12.949] - eth_getBlockByNumber
[2022/09/29 16:01:12.966] - eth_getBlockByNumber
[2022/09/29 16:01:13.961] - eth_getBlockByNumber
[2022/09/29 16:01:13.980] - eth_getBlockByNumber
[2022/09/29 16:01:14.971] - eth_getBlockByNumber
[2022/09/29 16:01:14.990] - eth_getBlockByNumber
[2022/09/29 16:01:15.983] - eth_getBlockByNumber
[2022/09/29 16:01:15.997] - eth_getBlockByNumber
[2022/09/29 16:01:16.997] - eth_getBlockByNumber
[2022/09/29 16:01:17.016] - eth_getBlockByNumber
[2022/09/29 16:01:18.000] - eth_getBlockByNumber
[2022/09/29 16:01:18.018] - eth_getBlockByNumber
[2022/09/29 16:01:19.013] - eth_getBlockByNumber
[2022/09/29 16:01:19.033] - eth_getBlockByNumber
[2022/09/29 16:01:20.011] - eth_getBlockByNumber
[2022/09/29 16:01:20.028] - eth_getBlockByNumber
[2022/09/29 16:01:21.029] - eth_getBlockByNumber
[2022/09/29 16:01:21.049] - eth_getBlockByNumber
[2022/09/29 16:01:22.042] - eth_getBlockByNumber
[2022/09/29 16:01:22.061] - eth_getBlockByNumber
[2022/09/29 16:01:23.060] - eth_getBlockByNumber
[2022/09/29 16:01:23.096] - eth_getBlockByNumber
[2022/09/29 16:01:24.056] - eth_getBlockByNumber
[2022/09/29 16:01:24.075] - eth_getBlockByNumber
[2022/09/29 16:01:25.061] - eth_getBlockByNumber
[2022/09/29 16:01:25.079] - eth_getBlockByNumber
[2022/09/29 16:01:26.060] - eth_getBlockByNumber
[2022/09/29 16:01:26.075] - eth_getBlockByNumber
[2022/09/29 16:01:27.074] - eth_getBlockByNumber
[2022/09/29 16:01:27.093] - eth_getBlockByNumber
[2022/09/29 16:01:28.083] - eth_getBlockByNumber
[2022/09/29 16:01:28.104] - eth_getBlockByNumber
[2022/09/29 16:01:29.087] - eth_getBlockByNumber
[2022/09/29 16:01:29.104] - eth_getBlockByNumber
[2022/09/29 16:01:30.090] - eth_getBlockByNumber
[2022/09/29 16:01:30.104] - eth_getBlockByNumber
[2022/09/29 16:01:31.105] - eth_getBlockByNumber
[2022/09/29 16:01:31.128] - eth_getBlockByNumber
[2022/09/29 16:01:32.103] - eth_getBlockByNumber
[2022/09/29 16:01:32.107] - eth_getBlockByNumber
[2022/09/29 16:01:33.118] - eth_getBlockByNumber
[2022/09/29 16:01:33.135] - eth_getBlockByNumber
[2022/09/29 16:01:34.132] - eth_getBlockByNumber
[2022/09/29 16:01:34.147] - eth_getBlockByNumber
[2022/09/29 16:01:35.137] - eth_getBlockByNumber
[2022/09/29 16:01:35.151] - eth_getBlockByNumber
[2022/09/29 16:01:36.151] - eth_getBlockByNumber
[2022/09/29 16:01:36.173] - eth_getBlockByNumber
[2022/09/29 16:01:37.150] - eth_getBlockByNumber
[2022/09/29 16:01:37.168] - eth_getBlockByNumber
[2022/09/29 16:01:38.151] - eth_getBlockByNumber
[2022/09/29 16:01:38.165] - eth_getBlockByNumber
[2022/09/29 16:01:39.166] - eth_getBlockByNumber
[2022/09/29 16:01:39.188] - eth_getBlockByNumber
[2022/09/29 16:01:40.164] - eth_getBlockByNumber
[2022/09/29 16:01:40.182] - eth_getBlockByNumber
[2022/09/29 16:01:41.165] - eth_getBlockByNumber
[2022/09/29 16:01:41.186] - eth_getBlockByNumber
[2022/09/29 16:01:42.181] - eth_getBlockByNumber
[2022/09/29 16:01:42.199] - eth_getBlockByNumber
[2022/09/29 16:01:43.193] - eth_getBlockByNumber
[2022/09/29 16:01:43.210] - eth_getBlockByNumber
[2022/09/29 16:01:44.199] - eth_getBlockByNumber
[2022/09/29 16:01:44.221] - eth_getBlockByNumber
[2022/09/29 16:01:45.211] - eth_getBlockByNumber
[2022/09/29 16:01:45.227] - eth_getBlockByNumber
[2022/09/29 16:01:46.213] - eth_getBlockByNumber
[2022/09/29 16:01:46.227] - eth_getBlockByNumber
[2022/09/29 16:01:47.225] - eth_getBlockByNumber
[2022/09/29 16:01:47.243] - eth_getBlockByNumber
[2022/09/29 16:01:48.242] - eth_getBlockByNumber
[2022/09/29 16:01:48.259] - eth_getBlockByNumber
[2022/09/29 16:01:49.242] - eth_getBlockByNumber
[2022/09/29 16:01:49.259] - eth_getBlockByNumber
[2022/09/29 16:01:50.245] - eth_getBlockByNumber
[2022/09/29 16:01:50.260] - eth_getBlockByNumber
[2022/09/29 16:01:51.259] - eth_getBlockByNumber
[2022/09/29 16:01:51.275] - eth_getBlockByNumber
[2022/09/29 16:01:52.261] - eth_getBlockByNumber
[2022/09/29 16:01:52.274] - eth_getBlockByNumber
[2022/09/29 16:01:53.276] - eth_getBlockByNumber
[2022/09/29 16:01:53.290] - eth_getBlockByNumber
[2022/09/29 16:01:54.290] - eth_getBlockByNumber
[2022/09/29 16:01:54.323] - eth_getBlockByNumber
[2022/09/29 16:01:55.290] - eth_getBlockByNumber
[2022/09/29 16:01:55.310] - eth_getBlockByNumber
[2022/09/29 16:01:56.307] - eth_getBlockByNumber
[2022/09/29 16:01:56.320] - eth_getBlockByNumber
[2022/09/29 16:01:57.320] - eth_getBlockByNumber
[2022/09/29 16:01:57.335] - eth_getBlockByNumber
[2022/09/29 16:01:58.321] - eth_getBlockByNumber
[2022/09/29 16:01:58.343] - eth_getBlockByNumber
[2022/09/29 16:01:59.323] - eth_getBlockByNumber
[2022/09/29 16:01:59.335] - eth_getBlockByNumber
[2022/09/29 16:02:00.321] - eth_getBlockByNumber
[2022/09/29 16:02:00.335] - eth_getBlockByNumber
[2022/09/29 16:02:01.321] - eth_getBlockByNumber
[2022/09/29 16:02:01.341] - eth_getBlockByNumber
[2022/09/29 16:02:02.318] - eth_getBlockByNumber
[2022/09/29 16:02:02.340] - eth_getBlockByNumber
[2022/09/29 16:02:03.335] - eth_getBlockByNumber
[2022/09/29 16:02:03.350] - eth_getBlockByNumber
[2022/09/29 16:02:04.336] - eth_getBlockByNumber
[2022/09/29 16:02:04.350] - eth_getBlockByNumber
[2022/09/29 16:02:05.348] - eth_getBlockByNumber
[2022/09/29 16:02:05.366] - eth_getBlockByNumber
[2022/09/29 16:02:06.366] - eth_getBlockByNumber
[2022/09/29 16:02:06.381] - eth_getBlockByNumber
[2022/09/29 16:02:07.368] - eth_getBlockByNumber
[2022/09/29 16:02:07.386] - eth_getBlockByNumber
[2022/09/29 16:02:08.379] - eth_getBlockByNumber
[2022/09/29 16:02:08.396] - eth_getBlockByNumber
[2022/09/29 16:02:09.399] - eth_getBlockByNumber
[2022/09/29 16:02:09.411] - eth_getBlockByNumber
[2022/09/29 16:02:10.410] - eth_getBlockByNumber
[2022/09/29 16:02:10.428] - eth_getBlockByNumber
[2022/09/29 16:02:11.426] - eth_getBlockByNumber
[2022/09/29 16:02:11.443] - eth_getBlockByNumber
[2022/09/29 16:02:12.430] - eth_getBlockByNumber
[2022/09/29 16:02:12.449] - eth_getBlockByNumber
[2022/09/29 16:02:13.444] - eth_getBlockByNumber
[2022/09/29 16:02:13.468] - eth_getBlockByNumber
[2022/09/29 16:02:14.444] - eth_getBlockByNumber
[2022/09/29 16:02:14.458] - eth_getBlockByNumber
[2022/09/29 16:02:15.459] - eth_getBlockByNumber
[2022/09/29 16:02:15.474] - eth_getBlockByNumber
[2022/09/29 16:02:16.459] - eth_getBlockByNumber
[2022/09/29 16:02:16.479] - eth_getBlockByNumber
[2022/09/29 16:02:17.474] - eth_getBlockByNumber
[2022/09/29 16:02:17.488] - eth_getBlockByNumber
[2022/09/29 16:02:18.475] - eth_getBlockByNumber
[2022/09/29 16:02:18.495] - eth_getBlockByNumber
[2022/09/29 16:02:19.488] - eth_getBlockByNumber
[2022/09/29 16:02:19.505] - eth_getBlockByNumber
[2022/09/29 16:02:20.490] - eth_getBlockByNumber
[2022/09/29 16:02:20.510] - eth_getBlockByNumber
[2022/09/29 16:02:21.489] - eth_getBlockByNumber
[2022/09/29 16:02:21.519] - eth_getBlockByNumber
[2022/09/29 16:02:22.501] - eth_getBlockByNumber
[2022/09/29 16:02:22.519] - eth_getBlockByNumber
[2022/09/29 16:02:23.513] - eth_getBlockByNumber
[2022/09/29 16:02:23.530] - eth_getBlockByNumber
[2022/09/29 16:02:24.526] - eth_getBlockByNumber
[2022/09/29 16:02:24.543] - eth_getBlockByNumber
[2022/09/29 16:02:25.530] - eth_getBlockByNumber
[2022/09/29 16:02:25.551] - eth_getBlockByNumber
[2022/09/29 16:04:26.523] - eth_blockNumber
[2022/09/29 16:04:26.637] - eth_getBlockByNumber
[2022/09/29 16:04:46.641] - eth_blockNumber
[2022/09/29 16:05:06.675] - eth_blockNumber
[2022/09/29 16:05:19.994] - eth_blockNumber
[2022/09/29 16:05:19.998] - net_version
[2022/09/29 16:05:20.001] - eth_getBlockByNumber
[2022/09/29 16:05:23.631] - eth_blockNumber
[2022/09/29 16:05:40.010] - eth_blockNumber
[2022/09/29 16:05:44.943] - eth_blockNumber
[2022/09/29 16:05:44.945] - eth_getBalance
[2022/09/29 16:05:44.946] - eth_getBalance
[2022/09/29 16:05:44.947] - eth_getBalance
[2022/09/29 16:05:44.952] - eth_blockNumber
[2022/09/29 16:06:00.030] - eth_blockNumber
