[2022/09/28 15:30:56.068] - Starting server with initial configuration: {"gasLimit":6721975,"gasPrice":20000000000,"hardfork":"muirGlacier","hostname":"127.0.0.1","port":7545,"network_id":5777,"default_balance_ether":500,"total_accounts":5,"unlocked_accounts":[],"locked":false,"vmErrorsOnRPCResponse":true,"verbose":false,"db_path":"C:\\Users\\alejo\\AppData\\Roaming\\Ganache\\workspaces\\clear-noise\\chaindata","logDirectory":"C:\\Programacion\\solidity\\ganacheLogs"}
[2022/09/28 15:30:56.405] - eth_subscribe
[2022/09/28 15:30:56.407] - eth_getLogs
[2022/09/28 15:30:56.409] - eth_subscribe
[2022/09/28 15:30:56.457] - eth_subscribe
[2022/09/28 15:30:56.459] - eth_getLogs
[2022/09/28 15:30:56.460] - eth_subscribe
[2022/09/28 15:30:56.599] - eth_blockNumber
[2022/09/28 15:30:56.601] - eth_accounts
[2022/09/28 15:30:56.602] - eth_blockNumber
[2022/09/28 15:30:56.604] - eth_gasPrice
[2022/09/28 15:30:56.605] - eth_accounts
[2022/09/28 15:30:56.607] - eth_getBlockByNumber
[2022/09/28 15:30:56.608] - eth_gasPrice
[2022/09/28 15:30:56.610] - eth_subscribe
[2022/09/28 15:30:56.611] - eth_getBlockByNumber
[2022/09/28 15:30:56.613] - eth_subscribe
[2022/09/28 15:30:56.627] - eth_accounts
[2022/09/28 15:30:56.672] - eth_getBalance
[2022/09/28 15:30:56.677] - eth_getTransactionCount
[2022/09/28 15:30:56.690] - eth_getBalance
[2022/09/28 15:30:56.696] - eth_getTransactionCount
[2022/09/28 15:30:56.703] - eth_getBalance
[2022/09/28 15:30:56.708] - eth_getTransactionCount
[2022/09/28 15:30:56.713] - eth_getBalance
[2022/09/28 15:30:56.718] - eth_getTransactionCount
[2022/09/28 15:30:56.731] - eth_getBalance
[2022/09/28 15:30:56.746] - eth_getTransactionCount
[2022/09/28 15:30:56.748] - eth_getBalance
[2022/09/28 15:30:56.751] - eth_getTransactionCount
[2022/09/28 15:30:56.760] - eth_getBalance
[2022/09/28 15:30:56.762] - eth_getTransactionCount
[2022/09/28 15:30:56.767] - eth_getBalance
[2022/09/28 15:30:56.773] - eth_getTransactionCount
[2022/09/28 15:30:56.775] - eth_getBalance
[2022/09/28 15:30:56.780] - eth_getTransactionCount
[2022/09/28 15:30:56.785] - eth_getBalance
[2022/09/28 15:30:56.789] - eth_getTransactionCount
[2022/09/28 15:30:56.795] - eth_getBalance
[2022/09/28 15:30:56.800] - eth_getTransactionCount
[2022/09/28 15:30:56.801] - eth_getBalance
[2022/09/28 15:30:56.805] - eth_getTransactionCount
[2022/09/28 15:30:56.812] - eth_getBalance
[2022/09/28 15:30:56.818] - eth_getTransactionCount
[2022/09/28 15:30:56.820] - eth_getBalance
[2022/09/28 15:30:56.828] - eth_getTransactionCount
[2022/09/28 15:30:56.831] - eth_getBalance
[2022/09/28 15:30:56.835] - eth_getTransactionCount
[2022/09/28 15:30:56.896] - eth_getBalance
[2022/09/28 15:30:56.901] - eth_getTransactionCount
[2022/09/28 15:30:56.902] - eth_getBalance
[2022/09/28 15:30:56.907] - eth_getTransactionCount
[2022/09/28 15:30:56.909] - eth_getBalance
[2022/09/28 15:30:56.912] - eth_getTransactionCount
[2022/09/28 15:30:56.914] - eth_getBalance
[2022/09/28 15:30:56.917] - eth_getTransactionCount
[2022/09/28 15:30:56.920] - eth_getBalance
[2022/09/28 15:30:56.923] - eth_getTransactionCount
[2022/09/28 15:31:22.938] - eth_getBlockByNumber
[2022/09/28 15:31:22.968] - eth_getBlockTransactionCountByHash
[2022/09/28 15:31:25.409] - eth_getBlockByNumber
[2022/09/28 15:31:32.396] - eth_getLogs
[2022/09/28 15:36:37.600] - eth_unsubscribe
[2022/09/28 15:36:37.603] - eth_unsubscribe
