[2022/09/28 16:19:23.852] - Starting server with initial configuration: {"gasLimit":6721975,"gasPrice":20000000000,"hardfork":"muirGlacier","hostname":"127.0.0.1","port":7545,"network_id":5777,"default_balance_ether":500,"total_accounts":5,"unlocked_accounts":[],"locked":false,"vmErrorsOnRPCResponse":true,"verbose":false,"db_path":"C:\\Users\\alejo\\AppData\\Roaming\\Ganache\\workspaces\\blockchain\\chaindata","logDirectory":"C:\\Programacion\\solidity\\ganacheLogs"}
[2022/09/28 16:19:23.966] - eth_subscribe
[2022/09/28 16:19:23.968] - eth_getLogs
[2022/09/28 16:19:23.970] - eth_subscribe
[2022/09/28 16:19:24.024] - eth_subscribe
[2022/09/28 16:19:24.025] - eth_getLogs
[2022/09/28 16:19:24.026] - eth_subscribe
[2022/09/28 16:19:24.090] - eth_blockNumber
[2022/09/28 16:19:24.091] - eth_accounts
[2022/09/28 16:19:24.091] - eth_blockNumber
[2022/09/28 16:19:24.092] - eth_gasPrice
[2022/09/28 16:19:24.093] - eth_accounts
[2022/09/28 16:19:24.094] - eth_getBlockByNumber
[2022/09/28 16:19:24.095] - eth_gasPrice
[2022/09/28 16:19:24.096] - eth_subscribe
[2022/09/28 16:19:24.097] - eth_getBlockByNumber
[2022/09/28 16:19:24.098] - eth_subscribe
[2022/09/28 16:19:24.111] - eth_accounts
[2022/09/28 16:19:24.150] - eth_getBalance
[2022/09/28 16:19:24.154] - eth_getTransactionCount
[2022/09/28 16:19:24.154] - eth_getBalance
[2022/09/28 16:19:24.156] - eth_getTransactionCount
[2022/09/28 16:19:24.159] - eth_getBalance
[2022/09/28 16:19:24.163] - eth_getTransactionCount
[2022/09/28 16:19:24.166] - eth_getBalance
[2022/09/28 16:19:24.167] - eth_getTransactionCount
[2022/09/28 16:19:24.169] - eth_getBalance
[2022/09/28 16:19:24.174] - eth_getTransactionCount
[2022/09/28 16:19:24.186] - eth_getBalance
[2022/09/28 16:19:24.188] - eth_getTransactionCount
[2022/09/28 16:19:24.190] - eth_getBalance
[2022/09/28 16:19:24.195] - eth_getTransactionCount
[2022/09/28 16:19:24.195] - eth_getBalance
[2022/09/28 16:19:24.201] - eth_getTransactionCount
[2022/09/28 16:19:24.201] - eth_getBalance
[2022/09/28 16:19:24.203] - eth_getTransactionCount
[2022/09/28 16:19:24.205] - eth_getBalance
[2022/09/28 16:19:24.207] - eth_getTransactionCount
[2022/09/28 16:19:24.209] - eth_getBalance
[2022/09/28 16:19:24.212] - eth_getTransactionCount
[2022/09/28 16:19:24.215] - eth_getBalance
[2022/09/28 16:19:24.215] - eth_getTransactionCount
[2022/09/28 16:19:24.221] - eth_getBalance
[2022/09/28 16:19:24.222] - eth_getTransactionCount
[2022/09/28 16:19:24.224] - eth_getBalance
[2022/09/28 16:19:24.224] - eth_getTransactionCount
[2022/09/28 16:19:24.227] - eth_getBalance
[2022/09/28 16:19:24.229] - eth_getTransactionCount
[2022/09/28 16:19:24.264] - eth_getBalance
[2022/09/28 16:19:24.265] - eth_getTransactionCount
[2022/09/28 16:19:24.268] - eth_getBalance
[2022/09/28 16:19:24.269] - eth_getTransactionCount
[2022/09/28 16:19:24.271] - eth_getBalance
[2022/09/28 16:19:24.273] - eth_getTransactionCount
[2022/09/28 16:19:24.273] - eth_getBalance
[2022/09/28 16:19:24.283] - eth_getTransactionCount
[2022/09/28 16:19:24.283] - eth_getBalance
[2022/09/28 16:19:24.285] - eth_getTransactionCount
[2022/09/28 16:23:08.381] - eth_chainId
[2022/09/28 16:23:08.957] - eth_chainId
[2022/09/28 16:23:09.607] - eth_chainId
[2022/09/28 16:23:10.244] - eth_chainId
[2022/09/28 16:23:10.986] - eth_chainId
[2022/09/28 16:23:11.583] - eth_chainId
[2022/09/28 16:23:12.439] - eth_chainId
[2022/09/28 16:23:26.896] - eth_chainId
[2022/09/28 16:23:27.412] - eth_chainId
[2022/09/28 16:23:27.437] - eth_chainId
[2022/09/28 16:23:28.017] - eth_chainId
[2022/09/28 16:23:28.311] - eth_chainId
[2022/09/28 16:23:29.310] - eth_chainId
[2022/09/28 16:23:29.599] - eth_chainId
[2022/09/28 16:23:33.922] - eth_chainId
[2022/09/28 16:23:34.150] - eth_chainId
[2022/09/28 16:23:34.396] - eth_chainId
[2022/09/28 16:23:40.704] - eth_blockNumber
[2022/09/28 16:23:40.708] - net_version
[2022/09/28 16:23:40.765] - eth_getBalance
[2022/09/28 16:23:40.766] - eth_getBalance
[2022/09/28 16:23:40.770] - eth_getBlockByNumber
[2022/09/28 16:23:41.020] - eth_blockNumber
[2022/09/28 16:24:00.779] - eth_blockNumber
[2022/09/28 16:24:20.797] - eth_blockNumber
[2022/09/28 16:24:26.286] - eth_getBalance
[2022/09/28 16:24:40.818] - eth_blockNumber
[2022/09/28 16:25:00.844] - eth_blockNumber
[2022/09/28 16:25:20.864] - eth_blockNumber
[2022/09/28 16:25:40.901] - eth_blockNumber
[2022/09/28 16:26:00.929] - eth_blockNumber
[2022/09/28 16:26:20.955] - eth_blockNumber
[2022/09/28 16:26:40.974] - eth_blockNumber
[2022/09/28 16:27:01.006] - eth_blockNumber
[2022/09/28 17:40:04.100] - eth_unsubscribe
[2022/09/28 17:40:04.101] - eth_unsubscribe
